\BOOKMARK [0][-]{chapter.1}{\376\377\0001\000\040\000N\000a\000m\000e\000s\000p\000a\000c\000e\000\040\000I\000n\000d\000e\000x}{}% 1
\BOOKMARK [1][-]{section.1.1}{\376\377\0001\000.\0001\000\040\000P\000a\000c\000k\000a\000g\000e\000s}{chapter.1}% 2
\BOOKMARK [0][-]{chapter.2}{\376\377\0002\000\040\000C\000l\000a\000s\000s\000\040\000I\000n\000d\000e\000x}{}% 3
\BOOKMARK [1][-]{section.2.1}{\376\377\0002\000.\0001\000\040\000C\000l\000a\000s\000s\000\040\000L\000i\000s\000t}{chapter.2}% 4
\BOOKMARK [0][-]{chapter.3}{\376\377\0003\000\040\000F\000i\000l\000e\000\040\000I\000n\000d\000e\000x}{}% 5
\BOOKMARK [1][-]{section.3.1}{\376\377\0003\000.\0001\000\040\000F\000i\000l\000e\000\040\000L\000i\000s\000t}{chapter.3}% 6
\BOOKMARK [0][-]{chapter.4}{\376\377\0004\000\040\000N\000a\000m\000e\000s\000p\000a\000c\000e\000\040\000D\000o\000c\000u\000m\000e\000n\000t\000a\000t\000i\000o\000n}{}% 7
\BOOKMARK [1][-]{section.4.1}{\376\377\0004\000.\0001\000\040\000m\000c\000m\0004\000c\000s\000h\000a\000r\000p\000\040\000N\000a\000m\000e\000s\000p\000a\000c\000e\000\040\000R\000e\000f\000e\000r\000e\000n\000c\000e}{chapter.4}% 8
\BOOKMARK [1][-]{section.4.2}{\376\377\0004\000.\0002\000\040\000m\000c\000m\0004\000c\000s\000h\000a\000r\000p\000.\000v\0001\000\040\000N\000a\000m\000e\000s\000p\000a\000c\000e\000\040\000R\000e\000f\000e\000r\000e\000n\000c\000e}{chapter.4}% 9
\BOOKMARK [1][-]{section.4.3}{\376\377\0004\000.\0003\000\040\000m\000c\000m\0004\000c\000s\000h\000a\000r\000p\000.\000v\0001\000.\000C\000l\000i\000e\000n\000t\000\040\000N\000a\000m\000e\000s\000p\000a\000c\000e\000\040\000R\000e\000f\000e\000r\000e\000n\000c\000e}{chapter.4}% 10
\BOOKMARK [2][-]{subsection.4.3.1}{\376\377\0004\000.\0003\000.\0001\000\040\000E\000n\000u\000m\000e\000r\000a\000t\000i\000o\000n\000\040\000T\000y\000p\000e\000\040\000D\000o\000c\000u\000m\000e\000n\000t\000a\000t\000i\000o\000n}{section.4.3}% 11
\BOOKMARK [3][-]{subsubsection.4.3.1.1}{\376\377\0004\000.\0003\000.\0001\000.\0001\000\040\000T\000o\000k\000e\000n\000T\000y\000p\000e}{subsection.4.3.1}% 12
\BOOKMARK [1][-]{section.4.4}{\376\377\0004\000.\0004\000\040\000m\000c\000m\0004\000c\000s\000h\000a\000r\000p\000.\000v\0001\000.\000D\000a\000t\000a\000\040\000N\000a\000m\000e\000s\000p\000a\000c\000e\000\040\000R\000e\000f\000e\000r\000e\000n\000c\000e}{chapter.4}% 13
\BOOKMARK [1][-]{section.4.5}{\376\377\0004\000.\0005\000\040\000m\000c\000m\0004\000c\000s\000h\000a\000r\000p\000.\000v\0001\000.\000D\000a\000t\000a\000.\000A\000l\000e\000r\000t\000s\000\040\000N\000a\000m\000e\000s\000p\000a\000c\000e\000\040\000R\000e\000f\000e\000r\000e\000n\000c\000e}{chapter.4}% 14
\BOOKMARK [1][-]{section.4.6}{\376\377\0004\000.\0006\000\040\000m\000c\000m\0004\000c\000s\000h\000a\000r\000p\000.\000v\0001\000.\000D\000a\000t\000a\000.\000C\000o\000n\000t\000e\000n\000t\000\040\000N\000a\000m\000e\000s\000p\000a\000c\000e\000\040\000R\000e\000f\000e\000r\000e\000n\000c\000e}{chapter.4}% 15
\BOOKMARK [1][-]{section.4.7}{\376\377\0004\000.\0007\000\040\000m\000c\000m\0004\000c\000s\000h\000a\000r\000p\000.\000v\0001\000.\000D\000a\000t\000a\000.\000C\000o\000n\000v\000e\000r\000s\000a\000t\000i\000o\000n\000s\000\040\000N\000a\000m\000e\000s\000p\000a\000c\000e\000\040\000R\000e\000f\000e\000r\000e\000n\000c\000e}{chapter.4}% 16
\BOOKMARK [1][-]{section.4.8}{\376\377\0004\000.\0008\000\040\000m\000c\000m\0004\000c\000s\000h\000a\000r\000p\000.\000v\0001\000.\000D\000a\000t\000a\000.\000M\000e\000m\000b\000e\000r\000s\000\040\000N\000a\000m\000e\000s\000p\000a\000c\000e\000\040\000R\000e\000f\000e\000r\000e\000n\000c\000e}{chapter.4}% 17
\BOOKMARK [1][-]{section.4.9}{\376\377\0004\000.\0009\000\040\000m\000c\000m\0004\000c\000s\000h\000a\000r\000p\000.\000v\0001\000.\000D\000a\000t\000a\000.\000R\000e\000s\000o\000u\000r\000c\000e\000s\000\040\000N\000a\000m\000e\000s\000p\000a\000c\000e\000\040\000R\000e\000f\000e\000r\000e\000n\000c\000e}{chapter.4}% 18
\BOOKMARK [1][-]{section.4.10}{\376\377\0004\000.\0001\0000\000\040\000m\000c\000m\0004\000c\000s\000h\000a\000r\000p\000.\000v\0001\000.\000D\000a\000t\000a\000.\000T\000h\000r\000e\000a\000d\000s\000\040\000N\000a\000m\000e\000s\000p\000a\000c\000e\000\040\000R\000e\000f\000e\000r\000e\000n\000c\000e}{chapter.4}% 19
\BOOKMARK [0][-]{chapter.5}{\376\377\0005\000\040\000C\000l\000a\000s\000s\000\040\000D\000o\000c\000u\000m\000e\000n\000t\000a\000t\000i\000o\000n}{}% 20
\BOOKMARK [1][-]{section.5.1}{\376\377\0005\000.\0001\000\040\000m\000c\000m\0004\000c\000s\000h\000a\000r\000p\000.\000v\0001\000.\000D\000a\000t\000a\000.\000A\000l\000e\000r\000t\000s\000.\000A\000l\000e\000r\000t\000\040\000S\000t\000r\000u\000c\000t\000\040\000R\000e\000f\000e\000r\000e\000n\000c\000e}{chapter.5}% 21
\BOOKMARK [2][-]{subsection.5.1.1}{\376\377\0005\000.\0001\000.\0001\000\040\000P\000r\000o\000p\000e\000r\000t\000y\000\040\000D\000o\000c\000u\000m\000e\000n\000t\000a\000t\000i\000o\000n}{section.5.1}% 22
\BOOKMARK [3][-]{subsubsection.5.1.1.1}{\376\377\0005\000.\0001\000.\0001\000.\0001\000\040\000A\000l\000e\000r\000t\000D\000a\000t\000e}{subsection.5.1.1}% 23
\BOOKMARK [3][-]{subsubsection.5.1.1.2}{\376\377\0005\000.\0001\000.\0001\000.\0002\000\040\000A\000l\000e\000r\000t\000T\000y\000p\000e}{subsection.5.1.1}% 24
\BOOKMARK [3][-]{subsubsection.5.1.1.3}{\376\377\0005\000.\0001\000.\0001\000.\0003\000\040\000C\000a\000u\000s\000e\000d\000M\000e\000m\000b\000e\000r\000I\000d}{subsection.5.1.1}% 25
\BOOKMARK [3][-]{subsubsection.5.1.1.4}{\376\377\0005\000.\0001\000.\0001\000.\0004\000\040\000C\000o\000n\000t\000e\000n\000t\000I\000d}{subsection.5.1.1}% 26
\BOOKMARK [3][-]{subsubsection.5.1.1.5}{\376\377\0005\000.\0001\000.\0001\000.\0005\000\040\000C\000o\000n\000t\000e\000n\000t\000T\000y\000p\000e}{subsection.5.1.1}% 27
\BOOKMARK [1][-]{section.5.2}{\376\377\0005\000.\0002\000\040\000m\000c\000m\0004\000c\000s\000h\000a\000r\000p\000.\000v\0001\000.\000C\000l\000i\000e\000n\000t\000.\000A\000p\000i\000C\000l\000i\000e\000n\000t\000\040\000C\000l\000a\000s\000s\000\040\000R\000e\000f\000e\000r\000e\000n\000c\000e}{chapter.5}% 28
\BOOKMARK [2][-]{subsection.5.2.1}{\376\377\0005\000.\0002\000.\0001\000\040\000C\000o\000n\000s\000t\000r\000u\000c\000t\000o\000r\000\040\000\046\000\040\000D\000e\000s\000t\000r\000u\000c\000t\000o\000r\000\040\000D\000o\000c\000u\000m\000e\000n\000t\000a\000t\000i\000o\000n}{section.5.2}% 29
\BOOKMARK [3][-]{subsubsection.5.2.1.1}{\376\377\0005\000.\0002\000.\0001\000.\0001\000\040\000A\000p\000i\000C\000l\000i\000e\000n\000t\000\050\000\051}{subsection.5.2.1}% 30
\BOOKMARK [2][-]{subsection.5.2.2}{\376\377\0005\000.\0002\000.\0002\000\040\000M\000e\000m\000b\000e\000r\000\040\000F\000u\000n\000c\000t\000i\000o\000n\000\040\000D\000o\000c\000u\000m\000e\000n\000t\000a\000t\000i\000o\000n}{section.5.2}% 31
\BOOKMARK [3][-]{subsubsection.5.2.2.1}{\376\377\0005\000.\0002\000.\0002\000.\0001\000\040\000D\000e\000l\000e\000t\000e\000P\000r\000o\000f\000i\000l\000e\000P\000o\000s\000t\000A\000s\000y\000n\000c\000\050\000\051}{subsection.5.2.2}% 32
\BOOKMARK [3][-]{subsubsection.5.2.2.2}{\376\377\0005\000.\0002\000.\0002\000.\0002\000\040\000D\000e\000l\000e\000t\000e\000U\000p\000d\000a\000t\000e\000A\000s\000y\000n\000c\000\050\000\051}{subsection.5.2.2}% 33
\BOOKMARK [3][-]{subsubsection.5.2.2.3}{\376\377\0005\000.\0002\000.\0002\000.\0003\000\040\000D\000e\000l\000e\000t\000e\000V\000e\000r\000s\000i\000o\000n\000A\000s\000y\000n\000c\000\050\000\051}{subsection.5.2.2}% 34
\BOOKMARK [3][-]{subsubsection.5.2.2.4}{\376\377\0005\000.\0002\000.\0002\000.\0004\000\040\000G\000e\000t\000B\000a\000n\000s\000A\000s\000y\000n\000c\000\050\000\051}{subsection.5.2.2}% 35
\BOOKMARK [3][-]{subsubsection.5.2.2.5}{\376\377\0005\000.\0002\000.\0002\000.\0005\000\040\000G\000e\000t\000C\000o\000l\000l\000a\000b\000o\000r\000a\000t\000e\000d\000R\000e\000s\000o\000u\000r\000c\000e\000s\000A\000s\000y\000n\000c\000\050\000\051}{subsection.5.2.2}% 36
\BOOKMARK [3][-]{subsubsection.5.2.2.6}{\376\377\0005\000.\0002\000.\0002\000.\0006\000\040\000G\000e\000t\000D\000o\000w\000n\000l\000o\000a\000d\000s\000A\000s\000y\000n\000c\000\050\000\051}{subsection.5.2.2}% 37
\BOOKMARK [3][-]{subsubsection.5.2.2.7}{\376\377\0005\000.\0002\000.\0002\000.\0007\000\040\000G\000e\000t\000D\000o\000w\000n\000l\000o\000a\000d\000s\000M\000e\000m\000b\000e\000r\000A\000s\000y\000n\000c\000\050\000\051}{subsection.5.2.2}% 38
\BOOKMARK [3][-]{subsubsection.5.2.2.8}{\376\377\0005\000.\0002\000.\0002\000.\0008\000\040\000G\000e\000t\000D\000o\000w\000n\000l\000o\000a\000d\000s\000V\000e\000r\000s\000i\000o\000n\000A\000s\000y\000n\000c\000\050\000\051}{subsection.5.2.2}% 39
\BOOKMARK [3][-]{subsubsection.5.2.2.9}{\376\377\0005\000.\0002\000.\0002\000.\0009\000\040\000G\000e\000t\000H\000e\000a\000l\000t\000h\000A\000s\000y\000n\000c\000\050\000\051}{subsection.5.2.2}% 40
\BOOKMARK [3][-]{subsubsection.5.2.2.10}{\376\377\0005\000.\0002\000.\0002\000.\0001\0000\000\040\000G\000e\000t\000L\000a\000t\000e\000s\000t\000U\000p\000d\000a\000t\000e\000A\000s\000y\000n\000c\000\050\000\051}{subsection.5.2.2}% 41
\BOOKMARK [3][-]{subsubsection.5.2.2.11}{\376\377\0005\000.\0002\000.\0002\000.\0001\0001\000\040\000G\000e\000t\000L\000a\000t\000e\000s\000t\000V\000e\000r\000s\000i\000o\000n\000A\000s\000y\000n\000c\000\050\000\051}{subsection.5.2.2}% 42
\BOOKMARK [3][-]{subsubsection.5.2.2.12}{\376\377\0005\000.\0002\000.\0002\000.\0001\0002\000\040\000G\000e\000t\000O\000w\000n\000e\000d\000R\000e\000s\000o\000u\000r\000c\000e\000s\000A\000s\000y\000n\000c\000\050\000\051}{subsection.5.2.2}% 43
\BOOKMARK [3][-]{subsubsection.5.2.2.13}{\376\377\0005\000.\0002\000.\0002\000.\0001\0003\000\040\000G\000e\000t\000P\000r\000o\000f\000i\000l\000e\000P\000o\000s\000t\000A\000s\000y\000n\000c\000\050\000\051}{subsection.5.2.2}% 44
\BOOKMARK [3][-]{subsubsection.5.2.2.14}{\376\377\0005\000.\0002\000.\0002\000.\0001\0004\000\040\000G\000e\000t\000P\000r\000o\000f\000i\000l\000e\000P\000o\000s\000t\000s\000A\000s\000y\000n\000c\000\050\000\051}{subsection.5.2.2}% 45
\BOOKMARK [3][-]{subsubsection.5.2.2.15}{\376\377\0005\000.\0002\000.\0002\000.\0001\0005\000\040\000G\000e\000t\000P\000u\000b\000l\000i\000c\000R\000e\000s\000o\000u\000r\000c\000e\000s\000A\000s\000y\000n\000c\000\050\000\051}{subsection.5.2.2}% 46
\BOOKMARK [3][-]{subsubsection.5.2.2.16}{\376\377\0005\000.\0002\000.\0002\000.\0001\0006\000\040\000G\000e\000t\000P\000u\000r\000c\000h\000a\000s\000e\000A\000s\000y\000n\000c\000\050\000\051}{subsection.5.2.2}% 47
\BOOKMARK [3][-]{subsubsection.5.2.2.17}{\376\377\0005\000.\0002\000.\0002\000.\0001\0007\000\040\000G\000e\000t\000P\000u\000r\000c\000h\000a\000s\000e\000s\000A\000s\000y\000n\000c\000\050\000\051}{subsection.5.2.2}% 48
\BOOKMARK [3][-]{subsubsection.5.2.2.18}{\376\377\0005\000.\0002\000.\0002\000.\0001\0008\000\040\000G\000e\000t\000R\000e\000s\000o\000u\000r\000c\000e\000A\000s\000y\000n\000c\000\050\000\051}{subsection.5.2.2}% 49
\BOOKMARK [3][-]{subsubsection.5.2.2.19}{\376\377\0005\000.\0002\000.\0002\000.\0001\0009\000\040\000G\000e\000t\000R\000e\000s\000o\000u\000r\000c\000e\000L\000i\000c\000e\000n\000s\000e\000A\000s\000y\000n\000c\000\050\000\051}{subsection.5.2.2}% 50
\BOOKMARK [3][-]{subsubsection.5.2.2.20}{\376\377\0005\000.\0002\000.\0002\000.\0002\0000\000\040\000G\000e\000t\000R\000e\000s\000o\000u\000r\000c\000e\000L\000i\000c\000e\000n\000s\000e\000M\000e\000m\000b\000e\000r\000A\000s\000y\000n\000c\000\050\000\051}{subsection.5.2.2}% 51
\BOOKMARK [3][-]{subsubsection.5.2.2.21}{\376\377\0005\000.\0002\000.\0002\000.\0002\0001\000\040\000G\000e\000t\000R\000e\000s\000o\000u\000r\000c\000e\000L\000i\000c\000e\000n\000s\000e\000s\000A\000s\000y\000n\000c\000\050\000\051}{subsection.5.2.2}% 52
\BOOKMARK [3][-]{subsubsection.5.2.2.22}{\376\377\0005\000.\0002\000.\0002\000.\0002\0002\000\040\000G\000e\000t\000R\000e\000s\000o\000u\000r\000c\000e\000R\000e\000v\000i\000e\000w\000A\000s\000y\000n\000c\000\050\000\051}{subsection.5.2.2}% 53
\BOOKMARK [3][-]{subsubsection.5.2.2.23}{\376\377\0005\000.\0002\000.\0002\000.\0002\0003\000\040\000G\000e\000t\000R\000e\000s\000o\000u\000r\000c\000e\000R\000e\000v\000i\000e\000w\000s\000A\000s\000y\000n\000c\000\050\000\051}{subsection.5.2.2}% 54
\BOOKMARK [3][-]{subsubsection.5.2.2.24}{\376\377\0005\000.\0002\000.\0002\000.\0002\0004\000\040\000G\000e\000t\000R\000e\000s\000o\000u\000r\000c\000e\000U\000p\000d\000a\000t\000e\000s\000A\000s\000y\000n\000c\000\050\000\051}{subsection.5.2.2}% 55
\BOOKMARK [3][-]{subsubsection.5.2.2.25}{\376\377\0005\000.\0002\000.\0002\000.\0002\0005\000\040\000G\000e\000t\000R\000e\000s\000o\000u\000r\000c\000e\000V\000e\000r\000s\000i\000o\000n\000s\000A\000s\000y\000n\000c\000\050\000\051}{subsection.5.2.2}% 56
\BOOKMARK [3][-]{subsubsection.5.2.2.26}{\376\377\0005\000.\0002\000.\0002\000.\0002\0006\000\040\000G\000e\000t\000S\000e\000l\000f\000A\000s\000y\000n\000c\000\050\000\051}{subsection.5.2.2}% 57
\BOOKMARK [3][-]{subsubsection.5.2.2.27}{\376\377\0005\000.\0002\000.\0002\000.\0002\0007\000\040\000G\000e\000t\000T\000h\000r\000e\000a\000d\000A\000s\000y\000n\000c\000\050\000\051}{subsection.5.2.2}% 58
\BOOKMARK [3][-]{subsubsection.5.2.2.28}{\376\377\0005\000.\0002\000.\0002\000.\0002\0008\000\040\000G\000e\000t\000T\000h\000r\000e\000a\000d\000R\000e\000p\000l\000i\000e\000s\000A\000s\000y\000n\000c\000\050\000\051}{subsection.5.2.2}% 59
\BOOKMARK [3][-]{subsubsection.5.2.2.29}{\376\377\0005\000.\0002\000.\0002\000.\0002\0009\000\040\000G\000e\000t\000T\000h\000r\000e\000a\000d\000s\000A\000s\000y\000n\000c\000\050\000\051}{subsection.5.2.2}% 60
\BOOKMARK [3][-]{subsubsection.5.2.2.30}{\376\377\0005\000.\0002\000.\0002\000.\0003\0000\000\040\000G\000e\000t\000U\000n\000r\000e\000a\000d\000A\000l\000e\000r\000t\000s\000A\000s\000y\000n\000c\000\050\000\051}{subsection.5.2.2}% 61
\BOOKMARK [3][-]{subsubsection.5.2.2.31}{\376\377\0005\000.\0002\000.\0002\000.\0003\0001\000\040\000G\000e\000t\000U\000n\000r\000e\000a\000d\000C\000o\000n\000v\000e\000r\000s\000a\000t\000i\000o\000n\000s\000A\000s\000y\000n\000c\000\050\000\051}{subsection.5.2.2}% 62
\BOOKMARK [3][-]{subsubsection.5.2.2.32}{\376\377\0005\000.\0002\000.\0002\000.\0003\0002\000\040\000G\000e\000t\000U\000n\000r\000e\000a\000d\000R\000e\000p\000l\000i\000e\000s\000A\000s\000y\000n\000c\000\050\000\051}{subsection.5.2.2}% 63
\BOOKMARK [3][-]{subsubsection.5.2.2.33}{\376\377\0005\000.\0002\000.\0002\000.\0003\0003\000\040\000G\000e\000t\000U\000p\000d\000a\000t\000e\000A\000s\000y\000n\000c\000\050\000\051}{subsection.5.2.2}% 64
\BOOKMARK [3][-]{subsubsection.5.2.2.34}{\376\377\0005\000.\0002\000.\0002\000.\0003\0004\000\040\000G\000e\000t\000U\000s\000e\000r\000A\000s\000y\000n\000c\000\050\000\051\000\040\000[\0001\000/\0002\000]}{subsection.5.2.2}% 65
\BOOKMARK [3][-]{subsubsection.5.2.2.35}{\376\377\0005\000.\0002\000.\0002\000.\0003\0005\000\040\000G\000e\000t\000U\000s\000e\000r\000A\000s\000y\000n\000c\000\050\000\051\000\040\000[\0002\000/\0002\000]}{subsection.5.2.2}% 66
\BOOKMARK [3][-]{subsubsection.5.2.2.36}{\376\377\0005\000.\0002\000.\0002\000.\0003\0006\000\040\000G\000e\000t\000V\000e\000r\000s\000i\000o\000n\000A\000s\000y\000n\000c\000\050\000\051}{subsection.5.2.2}% 67
\BOOKMARK [3][-]{subsubsection.5.2.2.37}{\376\377\0005\000.\0002\000.\0002\000.\0003\0007\000\040\000I\000s\000s\000u\000e\000L\000i\000c\000e\000n\000s\000e\000A\000s\000y\000n\000c\000\050\000\051}{subsection.5.2.2}% 68
\BOOKMARK [3][-]{subsubsection.5.2.2.38}{\376\377\0005\000.\0002\000.\0002\000.\0003\0008\000\040\000M\000a\000r\000k\000U\000n\000r\000e\000a\000d\000A\000s\000y\000n\000c\000\050\000\051}{subsection.5.2.2}% 69
\BOOKMARK [3][-]{subsubsection.5.2.2.39}{\376\377\0005\000.\0002\000.\0002\000.\0003\0009\000\040\000M\000o\000d\000i\000f\000y\000L\000i\000c\000e\000n\000s\000e\000A\000s\000y\000n\000c\000\050\000\051}{subsection.5.2.2}% 70
\BOOKMARK [3][-]{subsubsection.5.2.2.40}{\376\377\0005\000.\0002\000.\0002\000.\0004\0000\000\040\000M\000o\000d\000i\000f\000y\000P\000r\000o\000f\000i\000l\000e\000P\000o\000s\000t\000A\000s\000y\000n\000c\000\050\000\051}{subsection.5.2.2}% 71
\BOOKMARK [3][-]{subsubsection.5.2.2.41}{\376\377\0005\000.\0002\000.\0002\000.\0004\0001\000\040\000M\000o\000d\000i\000f\000y\000S\000e\000l\000f\000A\000s\000y\000n\000c\000\050\000\051}{subsection.5.2.2}% 72
\BOOKMARK [3][-]{subsubsection.5.2.2.42}{\376\377\0005\000.\0002\000.\0002\000.\0004\0002\000\040\000R\000e\000p\000l\000y\000T\000h\000r\000e\000a\000d\000A\000s\000y\000n\000c\000\050\000\051}{subsection.5.2.2}% 73
\BOOKMARK [3][-]{subsubsection.5.2.2.43}{\376\377\0005\000.\0002\000.\0002\000.\0004\0003\000\040\000R\000e\000p\000l\000y\000U\000n\000r\000e\000a\000d\000C\000o\000n\000v\000e\000r\000s\000a\000t\000i\000o\000n\000A\000s\000y\000n\000c\000\050\000\051}{subsection.5.2.2}% 74
\BOOKMARK [3][-]{subsubsection.5.2.2.44}{\376\377\0005\000.\0002\000.\0002\000.\0004\0004\000\040\000R\000e\000s\000p\000o\000n\000d\000R\000e\000v\000i\000e\000w\000A\000s\000y\000n\000c\000\050\000\051}{subsection.5.2.2}% 75
\BOOKMARK [3][-]{subsubsection.5.2.2.45}{\376\377\0005\000.\0002\000.\0002\000.\0004\0005\000\040\000S\000t\000a\000r\000t\000N\000e\000w\000C\000o\000n\000v\000e\000r\000s\000a\000t\000i\000o\000n\000A\000s\000y\000n\000c\000\050\000\051}{subsection.5.2.2}% 76
\BOOKMARK [3][-]{subsubsection.5.2.2.46}{\376\377\0005\000.\0002\000.\0002\000.\0004\0006\000\040\000U\000p\000d\000a\000t\000e\000R\000e\000s\000o\000u\000r\000c\000e\000A\000s\000y\000n\000c\000\050\000\051}{subsection.5.2.2}% 77
\BOOKMARK [2][-]{subsection.5.2.3}{\376\377\0005\000.\0002\000.\0003\000\040\000M\000e\000m\000b\000e\000r\000\040\000D\000a\000t\000a\000\040\000D\000o\000c\000u\000m\000e\000n\000t\000a\000t\000i\000o\000n}{section.5.2}% 78
\BOOKMARK [3][-]{subsubsection.5.2.3.1}{\376\377\0005\000.\0002\000.\0003\000.\0001\000\040\000B\000a\000s\000e\000U\000r\000i}{subsection.5.2.3}% 79
\BOOKMARK [2][-]{subsection.5.2.4}{\376\377\0005\000.\0002\000.\0004\000\040\000P\000r\000o\000p\000e\000r\000t\000y\000\040\000D\000o\000c\000u\000m\000e\000n\000t\000a\000t\000i\000o\000n}{section.5.2}% 80
\BOOKMARK [3][-]{subsubsection.5.2.4.1}{\376\377\0005\000.\0002\000.\0004\000.\0001\000\040\000W\000a\000i\000t\000F\000o\000r\000T\000i\000m\000e\000o\000u\000t}{subsection.5.2.4}% 81
\BOOKMARK [1][-]{section.5.3}{\376\377\0005\000.\0003\000\040\000m\000c\000m\0004\000c\000s\000h\000a\000r\000p\000.\000v\0001\000.\000D\000a\000t\000a\000.\000M\000e\000m\000b\000e\000r\000s\000.\000B\000a\000n\000\040\000S\000t\000r\000u\000c\000t\000\040\000R\000e\000f\000e\000r\000e\000n\000c\000e}{chapter.5}% 82
\BOOKMARK [2][-]{subsection.5.3.1}{\376\377\0005\000.\0003\000.\0001\000\040\000P\000r\000o\000p\000e\000r\000t\000y\000\040\000D\000o\000c\000u\000m\000e\000n\000t\000a\000t\000i\000o\000n}{section.5.3}% 83
\BOOKMARK [3][-]{subsubsection.5.3.1.1}{\376\377\0005\000.\0003\000.\0001\000.\0001\000\040\000B\000a\000n\000n\000e\000d\000B\000y\000I\000d}{subsection.5.3.1}% 84
\BOOKMARK [3][-]{subsubsection.5.3.1.2}{\376\377\0005\000.\0003\000.\0001\000.\0002\000\040\000B\000a\000n\000n\000e\000d\000D\000a\000t\000e}{subsection.5.3.1}% 85
\BOOKMARK [3][-]{subsubsection.5.3.1.3}{\376\377\0005\000.\0003\000.\0001\000.\0003\000\040\000M\000e\000m\000b\000e\000r\000I\000d}{subsection.5.3.1}% 86
\BOOKMARK [3][-]{subsubsection.5.3.1.4}{\376\377\0005\000.\0003\000.\0001\000.\0004\000\040\000R\000e\000a\000s\000o\000n}{subsection.5.3.1}% 87
\BOOKMARK [1][-]{section.5.4}{\376\377\0005\000.\0004\000\040\000m\000c\000m\0004\000c\000s\000h\000a\000r\000p\000.\000v\0001\000.\000D\000a\000t\000a\000.\000R\000e\000s\000o\000u\000r\000c\000e\000s\000.\000B\000a\000s\000i\000c\000R\000e\000s\000o\000u\000r\000c\000e\000\040\000S\000t\000r\000u\000c\000t\000\040\000R\000e\000f\000e\000r\000e\000n\000c\000e}{chapter.5}% 88
\BOOKMARK [2][-]{subsection.5.4.1}{\376\377\0005\000.\0004\000.\0001\000\040\000P\000r\000o\000p\000e\000r\000t\000y\000\040\000D\000o\000c\000u\000m\000e\000n\000t\000a\000t\000i\000o\000n}{section.5.4}% 89
\BOOKMARK [3][-]{subsubsection.5.4.1.1}{\376\377\0005\000.\0004\000.\0001\000.\0001\000\040\000A\000u\000t\000h\000o\000r\000I\000d}{subsection.5.4.1}% 90
\BOOKMARK [3][-]{subsubsection.5.4.1.2}{\376\377\0005\000.\0004\000.\0001\000.\0002\000\040\000C\000u\000r\000r\000e\000n\000c\000y}{subsection.5.4.1}% 91
\BOOKMARK [3][-]{subsubsection.5.4.1.3}{\376\377\0005\000.\0004\000.\0001\000.\0003\000\040\000P\000r\000i\000c\000e}{subsection.5.4.1}% 92
\BOOKMARK [3][-]{subsubsection.5.4.1.4}{\376\377\0005\000.\0004\000.\0001\000.\0004\000\040\000R\000e\000s\000o\000u\000r\000c\000e\000I\000d}{subsection.5.4.1}% 93
\BOOKMARK [3][-]{subsubsection.5.4.1.5}{\376\377\0005\000.\0004\000.\0001\000.\0005\000\040\000T\000a\000g\000L\000i\000n\000e}{subsection.5.4.1}% 94
\BOOKMARK [3][-]{subsubsection.5.4.1.6}{\376\377\0005\000.\0004\000.\0001\000.\0006\000\040\000T\000i\000t\000l\000e}{subsection.5.4.1}% 95
\BOOKMARK [1][-]{section.5.5}{\376\377\0005\000.\0005\000\040\000m\000c\000m\0004\000c\000s\000h\000a\000r\000p\000.\000v\0001\000.\000D\000a\000t\000a\000.\000T\000h\000r\000e\000a\000d\000s\000.\000B\000a\000s\000i\000c\000T\000h\000r\000e\000a\000d\000\040\000S\000t\000r\000u\000c\000t\000\040\000R\000e\000f\000e\000r\000e\000n\000c\000e}{chapter.5}% 96
\BOOKMARK [2][-]{subsection.5.5.1}{\376\377\0005\000.\0005\000.\0001\000\040\000P\000r\000o\000p\000e\000r\000t\000y\000\040\000D\000o\000c\000u\000m\000e\000n\000t\000a\000t\000i\000o\000n}{section.5.5}% 97
\BOOKMARK [3][-]{subsubsection.5.5.1.1}{\376\377\0005\000.\0005\000.\0001\000.\0001\000\040\000C\000r\000e\000a\000t\000i\000o\000n\000D\000a\000t\000e}{subsection.5.5.1}% 98
\BOOKMARK [3][-]{subsubsection.5.5.1.2}{\376\377\0005\000.\0005\000.\0001\000.\0002\000\040\000L\000a\000s\000t\000M\000e\000s\000s\000a\000g\000e\000D\000a\000t\000e}{subsection.5.5.1}% 99
\BOOKMARK [3][-]{subsubsection.5.5.1.3}{\376\377\0005\000.\0005\000.\0001\000.\0003\000\040\000R\000e\000p\000l\000y\000C\000o\000u\000n\000t}{subsection.5.5.1}% 100
\BOOKMARK [3][-]{subsubsection.5.5.1.4}{\376\377\0005\000.\0005\000.\0001\000.\0004\000\040\000T\000h\000r\000e\000a\000d\000I\000d}{subsection.5.5.1}% 101
\BOOKMARK [3][-]{subsubsection.5.5.1.5}{\376\377\0005\000.\0005\000.\0001\000.\0005\000\040\000T\000i\000t\000l\000e}{subsection.5.5.1}% 102
\BOOKMARK [3][-]{subsubsection.5.5.1.6}{\376\377\0005\000.\0005\000.\0001\000.\0006\000\040\000V\000i\000e\000w\000C\000o\000u\000n\000t}{subsection.5.5.1}% 103
\BOOKMARK [1][-]{section.5.6}{\376\377\0005\000.\0006\000\040\000m\000c\000m\0004\000c\000s\000h\000a\000r\000p\000.\000v\0001\000.\000D\000a\000t\000a\000.\000C\000o\000n\000v\000e\000r\000s\000a\000t\000i\000o\000n\000s\000.\000C\000o\000n\000v\000e\000r\000s\000a\000t\000i\000o\000n\000\040\000S\000t\000r\000u\000c\000t\000\040\000R\000e\000f\000e\000r\000e\000n\000c\000e}{chapter.5}% 104
\BOOKMARK [2][-]{subsection.5.6.1}{\376\377\0005\000.\0006\000.\0001\000\040\000P\000r\000o\000p\000e\000r\000t\000y\000\040\000D\000o\000c\000u\000m\000e\000n\000t\000a\000t\000i\000o\000n}{section.5.6}% 105
\BOOKMARK [3][-]{subsubsection.5.6.1.1}{\376\377\0005\000.\0006\000.\0001\000.\0001\000\040\000C\000o\000n\000v\000e\000r\000s\000a\000t\000i\000o\000n\000I\000d}{subsection.5.6.1}% 106
\BOOKMARK [3][-]{subsubsection.5.6.1.2}{\376\377\0005\000.\0006\000.\0001\000.\0002\000\040\000C\000r\000e\000a\000t\000i\000o\000n\000D\000a\000t\000e}{subsection.5.6.1}% 107
\BOOKMARK [3][-]{subsubsection.5.6.1.3}{\376\377\0005\000.\0006\000.\0001\000.\0003\000\040\000C\000r\000e\000a\000t\000o\000r\000I\000d}{subsection.5.6.1}% 108
\BOOKMARK [3][-]{subsubsection.5.6.1.4}{\376\377\0005\000.\0006\000.\0001\000.\0004\000\040\000L\000a\000s\000t\000M\000e\000s\000s\000a\000g\000e\000D\000a\000t\000e}{subsection.5.6.1}% 109
\BOOKMARK [3][-]{subsubsection.5.6.1.5}{\376\377\0005\000.\0006\000.\0001\000.\0005\000\040\000L\000a\000s\000t\000R\000e\000a\000d\000D\000a\000t\000e}{subsection.5.6.1}% 110
\BOOKMARK [3][-]{subsubsection.5.6.1.6}{\376\377\0005\000.\0006\000.\0001\000.\0006\000\040\000O\000p\000e\000n}{subsection.5.6.1}% 111
\BOOKMARK [3][-]{subsubsection.5.6.1.7}{\376\377\0005\000.\0006\000.\0001\000.\0007\000\040\000R\000e\000c\000i\000p\000i\000e\000n\000t\000I\000d\000s}{subsection.5.6.1}% 112
\BOOKMARK [3][-]{subsubsection.5.6.1.8}{\376\377\0005\000.\0006\000.\0001\000.\0008\000\040\000R\000e\000p\000l\000y\000C\000o\000u\000n\000t}{subsection.5.6.1}% 113
\BOOKMARK [3][-]{subsubsection.5.6.1.9}{\376\377\0005\000.\0006\000.\0001\000.\0009\000\040\000T\000i\000t\000l\000e}{subsection.5.6.1}% 114
\BOOKMARK [1][-]{section.5.7}{\376\377\0005\000.\0007\000\040\000m\000c\000m\0004\000c\000s\000h\000a\000r\000p\000.\000v\0001\000.\000D\000a\000t\000a\000.\000C\000o\000n\000t\000e\000n\000t\000.\000C\000o\000n\000v\000e\000r\000s\000a\000t\000i\000o\000n\000C\000o\000n\000t\000e\000n\000t\000\040\000S\000t\000r\000u\000c\000t\000\040\000R\000e\000f\000e\000r\000e\000n\000c\000e}{chapter.5}% 115
\BOOKMARK [2][-]{subsection.5.7.1}{\376\377\0005\000.\0007\000.\0001\000\040\000P\000r\000o\000p\000e\000r\000t\000y\000\040\000D\000o\000c\000u\000m\000e\000n\000t\000a\000t\000i\000o\000n}{section.5.7}% 116
\BOOKMARK [3][-]{subsubsection.5.7.1.1}{\376\377\0005\000.\0007\000.\0001\000.\0001\000\040\000M\000e\000s\000s\000a\000g\000e}{subsection.5.7.1}% 117
\BOOKMARK [3][-]{subsubsection.5.7.1.2}{\376\377\0005\000.\0007\000.\0001\000.\0002\000\040\000R\000e\000c\000i\000p\000i\000e\000n\000t\000I\000d\000s}{subsection.5.7.1}% 118
\BOOKMARK [3][-]{subsubsection.5.7.1.3}{\376\377\0005\000.\0007\000.\0001\000.\0003\000\040\000T\000i\000t\000l\000e}{subsection.5.7.1}% 119
\BOOKMARK [1][-]{section.5.8}{\376\377\0005\000.\0008\000\040\000m\000c\000m\0004\000c\000s\000h\000a\000r\000p\000.\000v\0001\000.\000D\000a\000t\000a\000.\000R\000e\000s\000o\000u\000r\000c\000e\000s\000.\000D\000o\000w\000n\000l\000o\000a\000d\000\040\000S\000t\000r\000u\000c\000t\000\040\000R\000e\000f\000e\000r\000e\000n\000c\000e}{chapter.5}% 120
\BOOKMARK [2][-]{subsection.5.8.1}{\376\377\0005\000.\0008\000.\0001\000\040\000P\000r\000o\000p\000e\000r\000t\000y\000\040\000D\000o\000c\000u\000m\000e\000n\000t\000a\000t\000i\000o\000n}{section.5.8}% 121
\BOOKMARK [3][-]{subsubsection.5.8.1.1}{\376\377\0005\000.\0008\000.\0001\000.\0001\000\040\000D\000o\000w\000n\000l\000o\000a\000d\000D\000a\000t\000e}{subsection.5.8.1}% 122
\BOOKMARK [3][-]{subsubsection.5.8.1.2}{\376\377\0005\000.\0008\000.\0001\000.\0002\000\040\000D\000o\000w\000n\000l\000o\000a\000d\000e\000r\000I\000d}{subsection.5.8.1}% 123
\BOOKMARK [3][-]{subsubsection.5.8.1.3}{\376\377\0005\000.\0008\000.\0001\000.\0003\000\040\000D\000o\000w\000n\000l\000o\000a\000d\000I\000d}{subsection.5.8.1}% 124
\BOOKMARK [3][-]{subsubsection.5.8.1.4}{\376\377\0005\000.\0008\000.\0001\000.\0004\000\040\000V\000e\000r\000s\000i\000o\000n\000I\000d}{subsection.5.8.1}% 125
\BOOKMARK [1][-]{section.5.9}{\376\377\0005\000.\0009\000\040\000m\000c\000m\0004\000c\000s\000h\000a\000r\000p\000.\000v\0001\000.\000C\000l\000i\000e\000n\000t\000.\000E\000n\000d\000p\000o\000i\000n\000t\000s\000\040\000C\000l\000a\000s\000s\000\040\000R\000e\000f\000e\000r\000e\000n\000c\000e}{chapter.5}% 126
\BOOKMARK [2][-]{subsection.5.9.1}{\376\377\0005\000.\0009\000.\0001\000\040\000M\000e\000m\000b\000e\000r\000\040\000D\000a\000t\000a\000\040\000D\000o\000c\000u\000m\000e\000n\000t\000a\000t\000i\000o\000n}{section.5.9}% 127
\BOOKMARK [3][-]{subsubsection.5.9.1.1}{\376\377\0005\000.\0009\000.\0001\000.\0001\000\040\000A\000L\000E\000R\000T\000S}{subsection.5.9.1}% 128
\BOOKMARK [3][-]{subsubsection.5.9.1.2}{\376\377\0005\000.\0009\000.\0001\000.\0002\000\040\000C\000O\000N\000V\000E\000R\000S\000A\000T\000I\000O\000N\000S}{subsection.5.9.1}% 129
\BOOKMARK [3][-]{subsubsection.5.9.1.3}{\376\377\0005\000.\0009\000.\0001\000.\0003\000\040\000C\000O\000N\000V\000E\000R\000S\000A\000T\000I\000O\000N\000S\000\137\000I\000D}{subsection.5.9.1}% 130
\BOOKMARK [3][-]{subsubsection.5.9.1.4}{\376\377\0005\000.\0009\000.\0001\000.\0004\000\040\000D\000O\000W\000N\000L\000O\000A\000D\000S}{subsection.5.9.1}% 131
\BOOKMARK [3][-]{subsubsection.5.9.1.5}{\376\377\0005\000.\0009\000.\0001\000.\0005\000\040\000H\000E\000A\000L\000T\000H}{subsection.5.9.1}% 132
\BOOKMARK [3][-]{subsubsection.5.9.1.6}{\376\377\0005\000.\0009\000.\0001\000.\0006\000\040\000L\000I\000C\000E\000N\000S\000E\000S}{subsection.5.9.1}% 133
\BOOKMARK [3][-]{subsubsection.5.9.1.7}{\376\377\0005\000.\0009\000.\0001\000.\0007\000\040\000M\000E\000M\000B\000E\000R\000S}{subsection.5.9.1}% 134
\BOOKMARK [3][-]{subsubsection.5.9.1.8}{\376\377\0005\000.\0009\000.\0001\000.\0008\000\040\000P\000R\000O\000F\000I\000L\000E\000\137\000P\000O\000S\000T\000S}{subsection.5.9.1}% 135
\BOOKMARK [3][-]{subsubsection.5.9.1.9}{\376\377\0005\000.\0009\000.\0001\000.\0009\000\040\000P\000U\000R\000C\000H\000A\000S\000E\000S}{subsection.5.9.1}% 136
\BOOKMARK [3][-]{subsubsection.5.9.1.10}{\376\377\0005\000.\0009\000.\0001\000.\0001\0000\000\040\000R\000E\000P\000L\000I\000E\000S}{subsection.5.9.1}% 137
\BOOKMARK [3][-]{subsubsection.5.9.1.11}{\376\377\0005\000.\0009\000.\0001\000.\0001\0001\000\040\000R\000E\000S\000O\000U\000R\000C\000E\000S}{subsection.5.9.1}% 138
\BOOKMARK [3][-]{subsubsection.5.9.1.12}{\376\377\0005\000.\0009\000.\0001\000.\0001\0002\000\040\000R\000E\000V\000I\000E\000W\000S}{subsection.5.9.1}% 139
\BOOKMARK [3][-]{subsubsection.5.9.1.13}{\376\377\0005\000.\0009\000.\0001\000.\0001\0003\000\040\000U\000P\000D\000A\000T\000E\000S}{subsection.5.9.1}% 140
\BOOKMARK [3][-]{subsubsection.5.9.1.14}{\376\377\0005\000.\0009\000.\0001\000.\0001\0004\000\040\000V\000E\000R\000S\000I\000O\000N\000S}{subsection.5.9.1}% 141
\BOOKMARK [1][-]{section.5.10}{\376\377\0005\000.\0001\0000\000\040\000m\000c\000m\0004\000c\000s\000h\000a\000r\000p\000.\000v\0001\000.\000D\000a\000t\000a\000.\000C\000o\000n\000t\000e\000n\000t\000.\000E\000r\000r\000o\000r\000\040\000S\000t\000r\000u\000c\000t\000\040\000R\000e\000f\000e\000r\000e\000n\000c\000e}{chapter.5}% 142
\BOOKMARK [2][-]{subsection.5.10.1}{\376\377\0005\000.\0001\0000\000.\0001\000\040\000P\000r\000o\000p\000e\000r\000t\000y\000\040\000D\000o\000c\000u\000m\000e\000n\000t\000a\000t\000i\000o\000n}{section.5.10}% 143
\BOOKMARK [3][-]{subsubsection.5.10.1.1}{\376\377\0005\000.\0001\0000\000.\0001\000.\0001\000\040\000C\000o\000d\000e}{subsection.5.10.1}% 144
\BOOKMARK [3][-]{subsubsection.5.10.1.2}{\376\377\0005\000.\0001\0000\000.\0001\000.\0002\000\040\000M\000e\000s\000s\000a\000g\000e}{subsection.5.10.1}% 145
\BOOKMARK [1][-]{section.5.11}{\376\377\0005\000.\0001\0001\000\040\000m\000c\000m\0004\000c\000s\000h\000a\000r\000p\000.\000v\0001\000.\000D\000a\000t\000a\000.\000R\000e\000s\000o\000u\000r\000c\000e\000s\000.\000L\000i\000c\000e\000n\000s\000e\000\040\000S\000t\000r\000u\000c\000t\000\040\000R\000e\000f\000e\000r\000e\000n\000c\000e}{chapter.5}% 146
\BOOKMARK [2][-]{subsection.5.11.1}{\376\377\0005\000.\0001\0001\000.\0001\000\040\000P\000r\000o\000p\000e\000r\000t\000y\000\040\000D\000o\000c\000u\000m\000e\000n\000t\000a\000t\000i\000o\000n}{section.5.11}% 147
\BOOKMARK [3][-]{subsubsection.5.11.1.1}{\376\377\0005\000.\0001\0001\000.\0001\000.\0001\000\040\000A\000c\000t\000i\000v\000e}{subsection.5.11.1}% 148
\BOOKMARK [3][-]{subsubsection.5.11.1.2}{\376\377\0005\000.\0001\0001\000.\0001\000.\0002\000\040\000E\000n\000d\000D\000a\000t\000e}{subsection.5.11.1}% 149
\BOOKMARK [3][-]{subsubsection.5.11.1.3}{\376\377\0005\000.\0001\0001\000.\0001\000.\0003\000\040\000L\000i\000c\000e\000n\000s\000e\000I\000d}{subsection.5.11.1}% 150
\BOOKMARK [3][-]{subsubsection.5.11.1.4}{\376\377\0005\000.\0001\0001\000.\0001\000.\0004\000\040\000P\000r\000e\000v\000i\000o\000u\000s\000E\000n\000d\000D\000a\000t\000e}{subsection.5.11.1}% 151
\BOOKMARK [3][-]{subsubsection.5.11.1.5}{\376\377\0005\000.\0001\0001\000.\0001\000.\0005\000\040\000P\000u\000r\000c\000h\000a\000s\000e\000r\000I\000d}{subsection.5.11.1}% 152
\BOOKMARK [3][-]{subsubsection.5.11.1.6}{\376\377\0005\000.\0001\0001\000.\0001\000.\0006\000\040\000P\000u\000r\000c\000h\000a\000s\000e\000r\000N\000a\000m\000e}{subsection.5.11.1}% 153
\BOOKMARK [3][-]{subsubsection.5.11.1.7}{\376\377\0005\000.\0001\0001\000.\0001\000.\0007\000\040\000S\000t\000a\000r\000t\000D\000a\000t\000e}{subsection.5.11.1}% 154
\BOOKMARK [3][-]{subsubsection.5.11.1.8}{\376\377\0005\000.\0001\0001\000.\0001\000.\0008\000\040\000V\000a\000l\000i\000d\000a\000t\000e\000d}{subsection.5.11.1}% 155
\BOOKMARK [1][-]{section.5.12}{\376\377\0005\000.\0001\0002\000\040\000m\000c\000m\0004\000c\000s\000h\000a\000r\000p\000.\000v\0001\000.\000D\000a\000t\000a\000.\000C\000o\000n\000t\000e\000n\000t\000.\000L\000i\000c\000e\000n\000s\000e\000C\000o\000n\000t\000e\000n\000t\000\040\000S\000t\000r\000u\000c\000t\000\040\000R\000e\000f\000e\000r\000e\000n\000c\000e}{chapter.5}% 156
\BOOKMARK [2][-]{subsection.5.12.1}{\376\377\0005\000.\0001\0002\000.\0001\000\040\000P\000r\000o\000p\000e\000r\000t\000y\000\040\000D\000o\000c\000u\000m\000e\000n\000t\000a\000t\000i\000o\000n}{section.5.12}% 157
\BOOKMARK [3][-]{subsubsection.5.12.1.1}{\376\377\0005\000.\0001\0002\000.\0001\000.\0001\000\040\000A\000c\000t\000i\000v\000e}{subsection.5.12.1}% 158
\BOOKMARK [3][-]{subsubsection.5.12.1.2}{\376\377\0005\000.\0001\0002\000.\0001\000.\0002\000\040\000E\000n\000d\000D\000a\000t\000e}{subsection.5.12.1}% 159
\BOOKMARK [3][-]{subsubsection.5.12.1.3}{\376\377\0005\000.\0001\0002\000.\0001\000.\0003\000\040\000P\000e\000r\000m\000a\000n\000e\000n\000t}{subsection.5.12.1}% 160
\BOOKMARK [3][-]{subsubsection.5.12.1.4}{\376\377\0005\000.\0001\0002\000.\0001\000.\0004\000\040\000P\000u\000r\000c\000h\000a\000s\000e\000r\000I\000d}{subsection.5.12.1}% 161
\BOOKMARK [3][-]{subsubsection.5.12.1.5}{\376\377\0005\000.\0001\0002\000.\0001\000.\0005\000\040\000S\000t\000a\000r\000t\000D\000a\000t\000e}{subsection.5.12.1}% 162
\BOOKMARK [1][-]{section.5.13}{\376\377\0005\000.\0001\0003\000\040\000m\000c\000m\0004\000c\000s\000h\000a\000r\000p\000.\000v\0001\000.\000D\000a\000t\000a\000.\000M\000e\000m\000b\000e\000r\000s\000.\000M\000e\000m\000b\000e\000r\000\040\000S\000t\000r\000u\000c\000t\000\040\000R\000e\000f\000e\000r\000e\000n\000c\000e}{chapter.5}% 163
\BOOKMARK [2][-]{subsection.5.13.1}{\376\377\0005\000.\0001\0003\000.\0001\000\040\000P\000r\000o\000p\000e\000r\000t\000y\000\040\000D\000o\000c\000u\000m\000e\000n\000t\000a\000t\000i\000o\000n}{section.5.13}% 164
\BOOKMARK [3][-]{subsubsection.5.13.1.1}{\376\377\0005\000.\0001\0003\000.\0001\000.\0001\000\040\000B\000a\000n\000n\000e\000d}{subsection.5.13.1}% 165
\BOOKMARK [3][-]{subsubsection.5.13.1.2}{\376\377\0005\000.\0001\0003\000.\0001\000.\0002\000\040\000D\000i\000s\000a\000b\000l\000e\000d}{subsection.5.13.1}% 166
\BOOKMARK [3][-]{subsubsection.5.13.1.3}{\376\377\0005\000.\0001\0003\000.\0001\000.\0003\000\040\000J\000o\000i\000n\000D\000a\000t\000e}{subsection.5.13.1}% 167
\BOOKMARK [3][-]{subsubsection.5.13.1.4}{\376\377\0005\000.\0001\0003\000.\0001\000.\0004\000\040\000L\000a\000s\000t\000A\000c\000t\000i\000v\000i\000t\000y\000D\000a\000t\000e}{subsection.5.13.1}% 168
\BOOKMARK [3][-]{subsubsection.5.13.1.5}{\376\377\0005\000.\0001\0003\000.\0001\000.\0005\000\040\000M\000e\000m\000b\000e\000r\000I\000d}{subsection.5.13.1}% 169
\BOOKMARK [3][-]{subsubsection.5.13.1.6}{\376\377\0005\000.\0001\0003\000.\0001\000.\0006\000\040\000N\000e\000g\000a\000t\000i\000v\000e\000F\000e\000e\000d\000b\000a\000c\000k}{subsection.5.13.1}% 170
\BOOKMARK [3][-]{subsubsection.5.13.1.7}{\376\377\0005\000.\0001\0003\000.\0001\000.\0007\000\040\000N\000e\000u\000t\000r\000a\000l\000F\000e\000e\000d\000b\000a\000c\000k}{subsection.5.13.1}% 171
\BOOKMARK [3][-]{subsubsection.5.13.1.8}{\376\377\0005\000.\0001\0003\000.\0001\000.\0008\000\040\000P\000o\000s\000i\000t\000i\000v\000e\000F\000e\000e\000d\000b\000a\000c\000k}{subsection.5.13.1}% 172
\BOOKMARK [3][-]{subsubsection.5.13.1.9}{\376\377\0005\000.\0001\0003\000.\0001\000.\0009\000\040\000P\000o\000s\000t\000C\000o\000u\000n\000t}{subsection.5.13.1}% 173
\BOOKMARK [3][-]{subsubsection.5.13.1.10}{\376\377\0005\000.\0001\0003\000.\0001\000.\0001\0000\000\040\000P\000u\000r\000c\000h\000a\000s\000e\000C\000o\000u\000n\000t}{subsection.5.13.1}% 174
\BOOKMARK [3][-]{subsubsection.5.13.1.11}{\376\377\0005\000.\0001\0003\000.\0001\000.\0001\0001\000\040\000R\000e\000s\000o\000u\000r\000c\000e\000C\000o\000u\000n\000t}{subsection.5.13.1}% 175
\BOOKMARK [3][-]{subsubsection.5.13.1.12}{\376\377\0005\000.\0001\0003\000.\0001\000.\0001\0002\000\040\000R\000e\000s\000t\000r\000i\000c\000t\000e\000d}{subsection.5.13.1}% 176
\BOOKMARK [3][-]{subsubsection.5.13.1.13}{\376\377\0005\000.\0001\0003\000.\0001\000.\0001\0003\000\040\000U\000s\000e\000r\000n\000a\000m\000e}{subsection.5.13.1}% 177
\BOOKMARK [1][-]{section.5.14}{\376\377\0005\000.\0001\0004\000\040\000m\000c\000m\0004\000c\000s\000h\000a\000r\000p\000.\000v\0001\000.\000D\000a\000t\000a\000.\000C\000o\000n\000t\000e\000n\000t\000.\000M\000e\000s\000s\000a\000g\000e\000C\000o\000n\000t\000e\000n\000t\000\040\000S\000t\000r\000u\000c\000t\000\040\000R\000e\000f\000e\000r\000e\000n\000c\000e}{chapter.5}% 178
\BOOKMARK [2][-]{subsection.5.14.1}{\376\377\0005\000.\0001\0004\000.\0001\000\040\000P\000r\000o\000p\000e\000r\000t\000y\000\040\000D\000o\000c\000u\000m\000e\000n\000t\000a\000t\000i\000o\000n}{section.5.14}% 179
\BOOKMARK [3][-]{subsubsection.5.14.1.1}{\376\377\0005\000.\0001\0004\000.\0001\000.\0001\000\040\000M\000e\000s\000s\000a\000g\000e}{subsection.5.14.1}% 180
\BOOKMARK [1][-]{section.5.15}{\376\377\0005\000.\0001\0005\000\040\000m\000c\000m\0004\000c\000s\000h\000a\000r\000p\000.\000v\0001\000.\000D\000a\000t\000a\000.\000M\000e\000m\000b\000e\000r\000s\000.\000P\000r\000o\000f\000i\000l\000e\000P\000o\000s\000t\000\040\000S\000t\000r\000u\000c\000t\000\040\000R\000e\000f\000e\000r\000e\000n\000c\000e}{chapter.5}% 181
\BOOKMARK [2][-]{subsection.5.15.1}{\376\377\0005\000.\0001\0005\000.\0001\000\040\000P\000r\000o\000p\000e\000r\000t\000y\000\040\000D\000o\000c\000u\000m\000e\000n\000t\000a\000t\000i\000o\000n}{section.5.15}% 182
\BOOKMARK [3][-]{subsubsection.5.15.1.1}{\376\377\0005\000.\0001\0005\000.\0001\000.\0001\000\040\000A\000u\000t\000h\000o\000r\000I\000d}{subsection.5.15.1}% 183
\BOOKMARK [3][-]{subsubsection.5.15.1.2}{\376\377\0005\000.\0001\0005\000.\0001\000.\0002\000\040\000C\000o\000m\000m\000e\000n\000t\000C\000o\000u\000n\000t}{subsection.5.15.1}% 184
\BOOKMARK [3][-]{subsubsection.5.15.1.3}{\376\377\0005\000.\0001\0005\000.\0001\000.\0003\000\040\000M\000e\000s\000s\000a\000g\000e}{subsection.5.15.1}% 185
\BOOKMARK [3][-]{subsubsection.5.15.1.4}{\376\377\0005\000.\0001\0005\000.\0001\000.\0004\000\040\000P\000o\000s\000t\000D\000a\000t\000e}{subsection.5.15.1}% 186
\BOOKMARK [3][-]{subsubsection.5.15.1.5}{\376\377\0005\000.\0001\0005\000.\0001\000.\0005\000\040\000P\000r\000o\000f\000i\000l\000e\000P\000o\000s\000t\000I\000d}{subsection.5.15.1}% 187
\BOOKMARK [1][-]{section.5.16}{\376\377\0005\000.\0001\0006\000\040\000m\000c\000m\0004\000c\000s\000h\000a\000r\000p\000.\000v\0001\000.\000D\000a\000t\000a\000.\000R\000e\000s\000o\000u\000r\000c\000e\000s\000.\000P\000u\000r\000c\000h\000a\000s\000e\000\040\000S\000t\000r\000u\000c\000t\000\040\000R\000e\000f\000e\000r\000e\000n\000c\000e}{chapter.5}% 188
\BOOKMARK [2][-]{subsection.5.16.1}{\376\377\0005\000.\0001\0006\000.\0001\000\040\000P\000r\000o\000p\000e\000r\000t\000y\000\040\000D\000o\000c\000u\000m\000e\000n\000t\000a\000t\000i\000o\000n}{section.5.16}% 189
\BOOKMARK [3][-]{subsubsection.5.16.1.1}{\376\377\0005\000.\0001\0006\000.\0001\000.\0001\000\040\000C\000u\000r\000r\000e\000n\000c\000y}{subsection.5.16.1}% 190
\BOOKMARK [3][-]{subsubsection.5.16.1.2}{\376\377\0005\000.\0001\0006\000.\0001\000.\0002\000\040\000L\000i\000c\000e\000n\000s\000e\000I\000d}{subsection.5.16.1}% 191
\BOOKMARK [3][-]{subsubsection.5.16.1.3}{\376\377\0005\000.\0001\0006\000.\0001\000.\0003\000\040\000P\000r\000i\000c\000e}{subsection.5.16.1}% 192
\BOOKMARK [3][-]{subsubsection.5.16.1.4}{\376\377\0005\000.\0001\0006\000.\0001\000.\0004\000\040\000P\000u\000r\000c\000h\000a\000s\000e\000D\000a\000t\000e}{subsection.5.16.1}% 193
\BOOKMARK [3][-]{subsubsection.5.16.1.5}{\376\377\0005\000.\0001\0006\000.\0001\000.\0005\000\040\000P\000u\000r\000c\000h\000a\000s\000e\000I\000d}{subsection.5.16.1}% 194
\BOOKMARK [3][-]{subsubsection.5.16.1.6}{\376\377\0005\000.\0001\0006\000.\0001\000.\0006\000\040\000P\000u\000r\000c\000h\000a\000s\000e\000r\000I\000d}{subsection.5.16.1}% 195
\BOOKMARK [3][-]{subsubsection.5.16.1.7}{\376\377\0005\000.\0001\0006\000.\0001\000.\0007\000\040\000R\000e\000n\000e\000w\000a\000l}{subsection.5.16.1}% 196
\BOOKMARK [3][-]{subsubsection.5.16.1.8}{\376\377\0005\000.\0001\0006\000.\0001\000.\0008\000\040\000S\000t\000a\000t\000u\000s}{subsection.5.16.1}% 197
\BOOKMARK [3][-]{subsubsection.5.16.1.9}{\376\377\0005\000.\0001\0006\000.\0001\000.\0009\000\040\000V\000a\000l\000i\000d\000a\000t\000i\000o\000n\000D\000a\000t\000e}{subsection.5.16.1}% 198
\BOOKMARK [1][-]{section.5.17}{\376\377\0005\000.\0001\0007\000\040\000m\000c\000m\0004\000c\000s\000h\000a\000r\000p\000.\000v\0001\000.\000D\000a\000t\000a\000.\000C\000o\000n\000v\000e\000r\000s\000a\000t\000i\000o\000n\000s\000.\000R\000e\000p\000l\000y\000\040\000S\000t\000r\000u\000c\000t\000\040\000R\000e\000f\000e\000r\000e\000n\000c\000e}{chapter.5}% 199
\BOOKMARK [2][-]{subsection.5.17.1}{\376\377\0005\000.\0001\0007\000.\0001\000\040\000P\000r\000o\000p\000e\000r\000t\000y\000\040\000D\000o\000c\000u\000m\000e\000n\000t\000a\000t\000i\000o\000n}{section.5.17}% 200
\BOOKMARK [3][-]{subsubsection.5.17.1.1}{\376\377\0005\000.\0001\0007\000.\0001\000.\0001\000\040\000A\000u\000t\000h\000o\000r\000I\000d}{subsection.5.17.1}% 201
\BOOKMARK [3][-]{subsubsection.5.17.1.2}{\376\377\0005\000.\0001\0007\000.\0001\000.\0002\000\040\000M\000e\000s\000s\000a\000g\000e}{subsection.5.17.1}% 202
\BOOKMARK [3][-]{subsubsection.5.17.1.3}{\376\377\0005\000.\0001\0007\000.\0001\000.\0003\000\040\000M\000e\000s\000s\000a\000g\000e\000D\000a\000t\000e}{subsection.5.17.1}% 203
\BOOKMARK [3][-]{subsubsection.5.17.1.4}{\376\377\0005\000.\0001\0007\000.\0001\000.\0004\000\040\000M\000e\000s\000s\000a\000g\000e\000I\000d}{subsection.5.17.1}% 204
\BOOKMARK [1][-]{section.5.18}{\376\377\0005\000.\0001\0008\000\040\000m\000c\000m\0004\000c\000s\000h\000a\000r\000p\000.\000v\0001\000.\000D\000a\000t\000a\000.\000T\000h\000r\000e\000a\000d\000s\000.\000R\000e\000p\000l\000y\000\040\000S\000t\000r\000u\000c\000t\000\040\000R\000e\000f\000e\000r\000e\000n\000c\000e}{chapter.5}% 205
\BOOKMARK [2][-]{subsection.5.18.1}{\376\377\0005\000.\0001\0008\000.\0001\000\040\000P\000r\000o\000p\000e\000r\000t\000y\000\040\000D\000o\000c\000u\000m\000e\000n\000t\000a\000t\000i\000o\000n}{section.5.18}% 206
\BOOKMARK [3][-]{subsubsection.5.18.1.1}{\376\377\0005\000.\0001\0008\000.\0001\000.\0001\000\040\000A\000u\000t\000h\000o\000r\000I\000d}{subsection.5.18.1}% 207
\BOOKMARK [3][-]{subsubsection.5.18.1.2}{\376\377\0005\000.\0001\0008\000.\0001\000.\0002\000\040\000M\000e\000s\000s\000a\000g\000e}{subsection.5.18.1}% 208
\BOOKMARK [3][-]{subsubsection.5.18.1.3}{\376\377\0005\000.\0001\0008\000.\0001\000.\0003\000\040\000P\000o\000s\000t\000D\000a\000t\000e}{subsection.5.18.1}% 209
\BOOKMARK [3][-]{subsubsection.5.18.1.4}{\376\377\0005\000.\0001\0008\000.\0001\000.\0004\000\040\000R\000e\000p\000l\000y\000I\000d}{subsection.5.18.1}% 210
\BOOKMARK [1][-]{section.5.19}{\376\377\0005\000.\0001\0009\000\040\000m\000c\000m\0004\000c\000s\000h\000a\000r\000p\000.\000v\0001\000.\000D\000a\000t\000a\000.\000R\000e\000s\000o\000u\000r\000c\000e\000s\000.\000R\000e\000s\000o\000u\000r\000c\000e\000\040\000S\000t\000r\000u\000c\000t\000\040\000R\000e\000f\000e\000r\000e\000n\000c\000e}{chapter.5}% 211
\BOOKMARK [2][-]{subsection.5.19.1}{\376\377\0005\000.\0001\0009\000.\0001\000\040\000P\000r\000o\000p\000e\000r\000t\000y\000\040\000D\000o\000c\000u\000m\000e\000n\000t\000a\000t\000i\000o\000n}{section.5.19}% 212
\BOOKMARK [3][-]{subsubsection.5.19.1.1}{\376\377\0005\000.\0001\0009\000.\0001\000.\0001\000\040\000A\000u\000t\000h\000o\000r\000I\000d}{subsection.5.19.1}% 213
\BOOKMARK [3][-]{subsubsection.5.19.1.2}{\376\377\0005\000.\0001\0009\000.\0001\000.\0002\000\040\000C\000a\000t\000e\000g\000o\000r\000y\000T\000i\000t\000l\000e}{subsection.5.19.1}% 214
\BOOKMARK [3][-]{subsubsection.5.19.1.3}{\376\377\0005\000.\0001\0009\000.\0001\000.\0003\000\040\000C\000u\000r\000r\000e\000n\000c\000y}{subsection.5.19.1}% 215
\BOOKMARK [3][-]{subsubsection.5.19.1.4}{\376\377\0005\000.\0001\0009\000.\0001\000.\0004\000\040\000C\000u\000r\000r\000e\000n\000t\000V\000e\000r\000s\000i\000o\000n\000I\000d}{subsection.5.19.1}% 216
\BOOKMARK [3][-]{subsubsection.5.19.1.5}{\376\377\0005\000.\0001\0009\000.\0001\000.\0005\000\040\000D\000e\000s\000c\000r\000i\000p\000t\000i\000o\000n}{subsection.5.19.1}% 217
\BOOKMARK [3][-]{subsubsection.5.19.1.6}{\376\377\0005\000.\0001\0009\000.\0001\000.\0006\000\040\000D\000o\000w\000n\000l\000o\000a\000d\000C\000o\000u\000n\000t}{subsection.5.19.1}% 218
\BOOKMARK [3][-]{subsubsection.5.19.1.7}{\376\377\0005\000.\0001\0009\000.\0001\000.\0007\000\040\000L\000a\000s\000t\000R\000e\000l\000e\000a\000s\000e\000D\000a\000t\000e}{subsection.5.19.1}% 219
\BOOKMARK [3][-]{subsubsection.5.19.1.8}{\376\377\0005\000.\0001\0009\000.\0001\000.\0008\000\040\000P\000r\000i\000c\000e}{subsection.5.19.1}% 220
\BOOKMARK [3][-]{subsubsection.5.19.1.9}{\376\377\0005\000.\0001\0009\000.\0001\000.\0009\000\040\000P\000u\000r\000c\000h\000a\000s\000e\000C\000o\000u\000n\000t}{subsection.5.19.1}% 221
\BOOKMARK [3][-]{subsubsection.5.19.1.10}{\376\377\0005\000.\0001\0009\000.\0001\000.\0001\0000\000\040\000R\000e\000l\000e\000a\000s\000e\000D\000a\000t\000e}{subsection.5.19.1}% 222
\BOOKMARK [3][-]{subsubsection.5.19.1.11}{\376\377\0005\000.\0001\0009\000.\0001\000.\0001\0001\000\040\000R\000e\000s\000o\000u\000r\000c\000e\000I\000d}{subsection.5.19.1}% 223
\BOOKMARK [3][-]{subsubsection.5.19.1.12}{\376\377\0005\000.\0001\0009\000.\0001\000.\0001\0002\000\040\000R\000e\000v\000i\000e\000w\000A\000v\000e\000r\000a\000g\000e}{subsection.5.19.1}% 224
\BOOKMARK [3][-]{subsubsection.5.19.1.13}{\376\377\0005\000.\0001\0009\000.\0001\000.\0001\0003\000\040\000R\000e\000v\000i\000e\000w\000C\000o\000u\000n\000t}{subsection.5.19.1}% 225
\BOOKMARK [3][-]{subsubsection.5.19.1.14}{\376\377\0005\000.\0001\0009\000.\0001\000.\0001\0004\000\040\000T\000a\000g\000L\000i\000n\000e}{subsection.5.19.1}% 226
\BOOKMARK [3][-]{subsubsection.5.19.1.15}{\376\377\0005\000.\0001\0009\000.\0001\000.\0001\0005\000\040\000T\000i\000t\000l\000e}{subsection.5.19.1}% 227
\BOOKMARK [1][-]{section.5.20}{\376\377\0005\000.\0002\0000\000\040\000m\000c\000m\0004\000c\000s\000h\000a\000r\000p\000.\000v\0001\000.\000D\000a\000t\000a\000.\000C\000o\000n\000t\000e\000n\000t\000.\000R\000e\000s\000o\000u\000r\000c\000e\000C\000o\000n\000t\000e\000n\000t\000\040\000S\000t\000r\000u\000c\000t\000\040\000R\000e\000f\000e\000r\000e\000n\000c\000e}{chapter.5}% 228
\BOOKMARK [2][-]{subsection.5.20.1}{\376\377\0005\000.\0002\0000\000.\0001\000\040\000P\000r\000o\000p\000e\000r\000t\000y\000\040\000D\000o\000c\000u\000m\000e\000n\000t\000a\000t\000i\000o\000n}{section.5.20}% 229
\BOOKMARK [3][-]{subsubsection.5.20.1.1}{\376\377\0005\000.\0002\0000\000.\0001\000.\0001\000\040\000D\000e\000s\000c\000r\000i\000p\000t\000i\000o\000n}{subsection.5.20.1}% 230
\BOOKMARK [3][-]{subsubsection.5.20.1.2}{\376\377\0005\000.\0002\0000\000.\0001\000.\0002\000\040\000T\000a\000g\000l\000i\000n\000e}{subsection.5.20.1}% 231
\BOOKMARK [3][-]{subsubsection.5.20.1.3}{\376\377\0005\000.\0002\0000\000.\0001\000.\0003\000\040\000T\000i\000t\000l\000e}{subsection.5.20.1}% 232
\BOOKMARK [1][-]{section.5.21}{\376\377\0005\000.\0002\0001\000\040\000m\000c\000m\0004\000c\000s\000h\000a\000r\000p\000.\000v\0001\000.\000D\000a\000t\000a\000.\000C\000o\000n\000t\000e\000n\000t\000.\000R\000e\000s\000p\000o\000n\000s\000e\000<\000\040\000T\000\040\000>\000\040\000S\000t\000r\000u\000c\000t\000\040\000T\000e\000m\000p\000l\000a\000t\000e\000\040\000R\000e\000f\000e\000r\000e\000n\000c\000e}{chapter.5}% 233
\BOOKMARK [2][-]{subsection.5.21.1}{\376\377\0005\000.\0002\0001\000.\0001\000\040\000P\000r\000o\000p\000e\000r\000t\000y\000\040\000D\000o\000c\000u\000m\000e\000n\000t\000a\000t\000i\000o\000n}{section.5.21}% 234
\BOOKMARK [3][-]{subsubsection.5.21.1.1}{\376\377\0005\000.\0002\0001\000.\0001\000.\0001\000\040\000D\000a\000t\000a}{subsection.5.21.1}% 235
\BOOKMARK [3][-]{subsubsection.5.21.1.2}{\376\377\0005\000.\0002\0001\000.\0001\000.\0002\000\040\000E\000r\000r\000o\000r}{subsection.5.21.1}% 236
\BOOKMARK [3][-]{subsubsection.5.21.1.3}{\376\377\0005\000.\0002\0001\000.\0001\000.\0003\000\040\000R\000e\000s\000u\000l\000t}{subsection.5.21.1}% 237
\BOOKMARK [3][-]{subsubsection.5.21.1.4}{\376\377\0005\000.\0002\0001\000.\0001\000.\0004\000\040\000R\000e\000t\000r\000y\000A\000f\000t\000e\000r\000M\000i\000l\000l\000i\000s\000e\000c\000o\000n\000d\000s}{subsection.5.21.1}% 238
\BOOKMARK [1][-]{section.5.22}{\376\377\0005\000.\0002\0002\000\040\000m\000c\000m\0004\000c\000s\000h\000a\000r\000p\000.\000v\0001\000.\000D\000a\000t\000a\000.\000C\000o\000n\000t\000e\000n\000t\000.\000R\000e\000s\000p\000o\000n\000s\000e\000C\000o\000n\000t\000e\000n\000t\000\040\000S\000t\000r\000u\000c\000t\000\040\000R\000e\000f\000e\000r\000e\000n\000c\000e}{chapter.5}% 239
\BOOKMARK [2][-]{subsection.5.22.1}{\376\377\0005\000.\0002\0002\000.\0001\000\040\000P\000r\000o\000p\000e\000r\000t\000y\000\040\000D\000o\000c\000u\000m\000e\000n\000t\000a\000t\000i\000o\000n}{section.5.22}% 240
\BOOKMARK [3][-]{subsubsection.5.22.1.1}{\376\377\0005\000.\0002\0002\000.\0001\000.\0001\000\040\000R\000e\000s\000p\000o\000n\000s\000e}{subsection.5.22.1}% 241
\BOOKMARK [1][-]{section.5.23}{\376\377\0005\000.\0002\0003\000\040\000m\000c\000m\0004\000c\000s\000h\000a\000r\000p\000.\000v\0001\000.\000D\000a\000t\000a\000.\000R\000e\000s\000o\000u\000r\000c\000e\000s\000.\000R\000e\000v\000i\000e\000w\000\040\000S\000t\000r\000u\000c\000t\000\040\000R\000e\000f\000e\000r\000e\000n\000c\000e}{chapter.5}% 242
\BOOKMARK [2][-]{subsection.5.23.1}{\376\377\0005\000.\0002\0003\000.\0001\000\040\000P\000r\000o\000p\000e\000r\000t\000y\000\040\000D\000o\000c\000u\000m\000e\000n\000t\000a\000t\000i\000o\000n}{section.5.23}% 243
\BOOKMARK [3][-]{subsubsection.5.23.1.1}{\376\377\0005\000.\0002\0003\000.\0001\000.\0001\000\040\000M\000e\000s\000s\000a\000g\000e}{subsection.5.23.1}% 244
\BOOKMARK [3][-]{subsubsection.5.23.1.2}{\376\377\0005\000.\0002\0003\000.\0001\000.\0002\000\040\000R\000a\000t\000i\000n\000g}{subsection.5.23.1}% 245
\BOOKMARK [3][-]{subsubsection.5.23.1.3}{\376\377\0005\000.\0002\0003\000.\0001\000.\0003\000\040\000R\000e\000s\000p\000o\000n\000s\000e}{subsection.5.23.1}% 246
\BOOKMARK [3][-]{subsubsection.5.23.1.4}{\376\377\0005\000.\0002\0003\000.\0001\000.\0004\000\040\000R\000e\000v\000i\000e\000w\000D\000a\000t\000e}{subsection.5.23.1}% 247
\BOOKMARK [3][-]{subsubsection.5.23.1.5}{\376\377\0005\000.\0002\0003\000.\0001\000.\0005\000\040\000R\000e\000v\000i\000e\000w\000e\000r\000I\000d}{subsection.5.23.1}% 248
\BOOKMARK [3][-]{subsubsection.5.23.1.6}{\376\377\0005\000.\0002\0003\000.\0001\000.\0006\000\040\000R\000e\000v\000i\000e\000w\000I\000d}{subsection.5.23.1}% 249
\BOOKMARK [1][-]{section.5.24}{\376\377\0005\000.\0002\0004\000\040\000m\000c\000m\0004\000c\000s\000h\000a\000r\000p\000.\000v\0001\000.\000D\000a\000t\000a\000.\000C\000o\000n\000t\000e\000n\000t\000.\000S\000e\000l\000f\000U\000p\000d\000a\000t\000e\000C\000o\000n\000t\000e\000n\000t\000\040\000S\000t\000r\000u\000c\000t\000\040\000R\000e\000f\000e\000r\000e\000n\000c\000e}{chapter.5}% 250
\BOOKMARK [2][-]{subsection.5.24.1}{\376\377\0005\000.\0002\0004\000.\0001\000\040\000P\000r\000o\000p\000e\000r\000t\000y\000\040\000D\000o\000c\000u\000m\000e\000n\000t\000a\000t\000i\000o\000n}{section.5.24}% 251
\BOOKMARK [3][-]{subsubsection.5.24.1.1}{\376\377\0005\000.\0002\0004\000.\0001\000.\0001\000\040\000A\000b\000o\000u\000t\000M\000e}{subsection.5.24.1}% 252
\BOOKMARK [3][-]{subsubsection.5.24.1.2}{\376\377\0005\000.\0002\0004\000.\0001\000.\0002\000\040\000C\000u\000s\000t\000o\000m\000T\000i\000t\000l\000e}{subsection.5.24.1}% 253
\BOOKMARK [3][-]{subsubsection.5.24.1.3}{\376\377\0005\000.\0002\0004\000.\0001\000.\0003\000\040\000S\000i\000g\000n\000a\000t\000u\000r\000e}{subsection.5.24.1}% 254
\BOOKMARK [1][-]{section.5.25}{\376\377\0005\000.\0002\0005\000\040\000m\000c\000m\0004\000c\000s\000h\000a\000r\000p\000.\000v\0001\000.\000D\000a\000t\000a\000.\000C\000o\000n\000t\000e\000n\000t\000.\000S\000o\000r\000t\000a\000b\000l\000e\000\040\000S\000t\000r\000u\000c\000t\000\040\000R\000e\000f\000e\000r\000e\000n\000c\000e}{chapter.5}% 255
\BOOKMARK [2][-]{subsection.5.25.1}{\376\377\0005\000.\0002\0005\000.\0001\000\040\000M\000e\000m\000b\000e\000r\000\040\000F\000u\000n\000c\000t\000i\000o\000n\000\040\000D\000o\000c\000u\000m\000e\000n\000t\000a\000t\000i\000o\000n}{section.5.25}% 256
\BOOKMARK [3][-]{subsubsection.5.25.1.1}{\376\377\0005\000.\0002\0005\000.\0001\000.\0001\000\040\000T\000o\000D\000i\000c\000t\000\050\000\051}{subsection.5.25.1}% 257
\BOOKMARK [2][-]{subsection.5.25.2}{\376\377\0005\000.\0002\0005\000.\0002\000\040\000P\000r\000o\000p\000e\000r\000t\000y\000\040\000D\000o\000c\000u\000m\000e\000n\000t\000a\000t\000i\000o\000n}{section.5.25}% 258
\BOOKMARK [3][-]{subsubsection.5.25.2.1}{\376\377\0005\000.\0002\0005\000.\0002\000.\0001\000\040\000O\000r\000d\000e\000r}{subsection.5.25.2}% 259
\BOOKMARK [3][-]{subsubsection.5.25.2.2}{\376\377\0005\000.\0002\0005\000.\0002\000.\0002\000\040\000P\000a\000g\000e}{subsection.5.25.2}% 260
\BOOKMARK [3][-]{subsubsection.5.25.2.3}{\376\377\0005\000.\0002\0005\000.\0002\000.\0003\000\040\000S\000o\000r\000t}{subsection.5.25.2}% 261
\BOOKMARK [1][-]{section.5.26}{\376\377\0005\000.\0002\0006\000\040\000m\000c\000m\0004\000c\000s\000h\000a\000r\000p\000.\000v\0001\000.\000D\000a\000t\000a\000.\000T\000h\000r\000e\000a\000d\000s\000.\000T\000h\000r\000e\000a\000d\000\040\000S\000t\000r\000u\000c\000t\000\040\000R\000e\000f\000e\000r\000e\000n\000c\000e}{chapter.5}% 262
\BOOKMARK [2][-]{subsection.5.26.1}{\376\377\0005\000.\0002\0006\000.\0001\000\040\000P\000r\000o\000p\000e\000r\000t\000y\000\040\000D\000o\000c\000u\000m\000e\000n\000t\000a\000t\000i\000o\000n}{section.5.26}% 263
\BOOKMARK [3][-]{subsubsection.5.26.1.1}{\376\377\0005\000.\0002\0006\000.\0001\000.\0001\000\040\000F\000o\000r\000u\000m\000N\000a\000m\000e}{subsection.5.26.1}% 264
\BOOKMARK [3][-]{subsubsection.5.26.1.2}{\376\377\0005\000.\0002\0006\000.\0001\000.\0002\000\040\000L\000a\000s\000t\000P\000o\000s\000t\000D\000a\000t\000e}{subsection.5.26.1}% 265
\BOOKMARK [3][-]{subsubsection.5.26.1.3}{\376\377\0005\000.\0002\0006\000.\0001\000.\0003\000\040\000P\000o\000s\000t\000D\000a\000t\000e}{subsection.5.26.1}% 266
\BOOKMARK [3][-]{subsubsection.5.26.1.4}{\376\377\0005\000.\0002\0006\000.\0001\000.\0004\000\040\000R\000e\000p\000l\000y\000C\000o\000u\000n\000t}{subsection.5.26.1}% 267
\BOOKMARK [3][-]{subsubsection.5.26.1.5}{\376\377\0005\000.\0002\0006\000.\0001\000.\0005\000\040\000T\000h\000r\000e\000a\000d\000I\000d}{subsection.5.26.1}% 268
\BOOKMARK [3][-]{subsubsection.5.26.1.6}{\376\377\0005\000.\0002\0006\000.\0001\000.\0006\000\040\000T\000h\000r\000e\000a\000d\000O\000p\000e\000n}{subsection.5.26.1}% 269
\BOOKMARK [3][-]{subsubsection.5.26.1.7}{\376\377\0005\000.\0002\0006\000.\0001\000.\0007\000\040\000T\000h\000r\000e\000a\000d\000T\000y\000p\000e}{subsection.5.26.1}% 270
\BOOKMARK [3][-]{subsubsection.5.26.1.8}{\376\377\0005\000.\0002\0006\000.\0001\000.\0008\000\040\000T\000i\000t\000l\000e}{subsection.5.26.1}% 271
\BOOKMARK [3][-]{subsubsection.5.26.1.9}{\376\377\0005\000.\0002\0006\000.\0001\000.\0009\000\040\000V\000i\000e\000w\000C\000o\000u\000n\000t}{subsection.5.26.1}% 272
\BOOKMARK [1][-]{section.5.27}{\376\377\0005\000.\0002\0007\000\040\000m\000c\000m\0004\000c\000s\000h\000a\000r\000p\000.\000v\0001\000.\000D\000a\000t\000a\000.\000R\000e\000s\000o\000u\000r\000c\000e\000s\000.\000U\000p\000d\000a\000t\000e\000\040\000S\000t\000r\000u\000c\000t\000\040\000R\000e\000f\000e\000r\000e\000n\000c\000e}{chapter.5}% 273
\BOOKMARK [2][-]{subsection.5.27.1}{\376\377\0005\000.\0002\0007\000.\0001\000\040\000P\000r\000o\000p\000e\000r\000t\000y\000\040\000D\000o\000c\000u\000m\000e\000n\000t\000a\000t\000i\000o\000n}{section.5.27}% 274
\BOOKMARK [3][-]{subsubsection.5.27.1.1}{\376\377\0005\000.\0002\0007\000.\0001\000.\0001\000\040\000M\000e\000s\000s\000a\000g\000e}{subsection.5.27.1}% 275
\BOOKMARK [3][-]{subsubsection.5.27.1.2}{\376\377\0005\000.\0002\0007\000.\0001\000.\0002\000\040\000T\000i\000t\000l\000e}{subsection.5.27.1}% 276
\BOOKMARK [3][-]{subsubsection.5.27.1.3}{\376\377\0005\000.\0002\0007\000.\0001\000.\0003\000\040\000U\000p\000d\000a\000t\000e\000D\000a\000t\000e}{subsection.5.27.1}% 277
\BOOKMARK [3][-]{subsubsection.5.27.1.4}{\376\377\0005\000.\0002\0007\000.\0001\000.\0004\000\040\000U\000p\000d\000a\000t\000e\000I\000d}{subsection.5.27.1}% 278
\BOOKMARK [1][-]{section.5.28}{\376\377\0005\000.\0002\0008\000\040\000m\000c\000m\0004\000c\000s\000h\000a\000r\000p\000.\000v\0001\000.\000D\000a\000t\000a\000.\000R\000e\000s\000o\000u\000r\000c\000e\000s\000.\000V\000e\000r\000s\000i\000o\000n\000\040\000S\000t\000r\000u\000c\000t\000\040\000R\000e\000f\000e\000r\000e\000n\000c\000e}{chapter.5}% 279
\BOOKMARK [2][-]{subsection.5.28.1}{\376\377\0005\000.\0002\0008\000.\0001\000\040\000P\000r\000o\000p\000e\000r\000t\000y\000\040\000D\000o\000c\000u\000m\000e\000n\000t\000a\000t\000i\000o\000n}{section.5.28}% 280
\BOOKMARK [3][-]{subsubsection.5.28.1.1}{\376\377\0005\000.\0002\0008\000.\0001\000.\0001\000\040\000D\000o\000w\000n\000l\000o\000a\000d\000C\000o\000u\000n\000t}{subsection.5.28.1}% 281
\BOOKMARK [3][-]{subsubsection.5.28.1.2}{\376\377\0005\000.\0002\0008\000.\0001\000.\0002\000\040\000N\000a\000m\000e}{subsection.5.28.1}% 282
\BOOKMARK [3][-]{subsubsection.5.28.1.3}{\376\377\0005\000.\0002\0008\000.\0001\000.\0003\000\040\000R\000e\000l\000e\000a\000s\000e\000D\000a\000t\000e}{subsection.5.28.1}% 283
\BOOKMARK [3][-]{subsubsection.5.28.1.4}{\376\377\0005\000.\0002\0008\000.\0001\000.\0004\000\040\000U\000p\000d\000a\000t\000e\000I\000d}{subsection.5.28.1}% 284
\BOOKMARK [3][-]{subsubsection.5.28.1.5}{\376\377\0005\000.\0002\0008\000.\0001\000.\0005\000\040\000V\000e\000r\000s\000i\000o\000n\000I\000d}{subsection.5.28.1}% 285
\BOOKMARK [0][-]{chapter.6}{\376\377\0006\000\040\000F\000i\000l\000e\000\040\000D\000o\000c\000u\000m\000e\000n\000t\000a\000t\000i\000o\000n}{}% 286
\BOOKMARK [1][-]{section.6.1}{\376\377\0006\000.\0001\000\040\000o\000b\000j\000/\000D\000e\000b\000u\000g\000/\000n\000e\000t\0006\000.\0000\000/\000.\000N\000E\000T\000C\000o\000r\000e\000A\000p\000p\000,\000V\000e\000r\000s\000i\000o\000n\000=\000v\0006\000.\0000\000.\000A\000s\000s\000e\000m\000b\000l\000y\000A\000t\000t\000r\000i\000b\000u\000t\000e\000s\000.\000c\000s\000\040\000F\000i\000l\000e\000\040\000R\000e\000f\000e\000r\000e\000n\000c\000e}{chapter.6}% 287
\BOOKMARK [1][-]{section.6.2}{\376\377\0006\000.\0002\000\040\000o\000b\000j\000/\000R\000e\000l\000e\000a\000s\000e\000/\000n\000e\000t\0006\000.\0000\000/\000.\000N\000E\000T\000C\000o\000r\000e\000A\000p\000p\000,\000V\000e\000r\000s\000i\000o\000n\000=\000v\0006\000.\0000\000.\000A\000s\000s\000e\000m\000b\000l\000y\000A\000t\000t\000r\000i\000b\000u\000t\000e\000s\000.\000c\000s\000\040\000F\000i\000l\000e\000\040\000R\000e\000f\000e\000r\000e\000n\000c\000e}{chapter.6}% 288
\BOOKMARK [1][-]{section.6.3}{\376\377\0006\000.\0003\000\040\000o\000b\000j\000/\000D\000e\000b\000u\000g\000/\000n\000e\000t\0006\000.\0000\000/\000m\000c\000m\0004\000c\000s\000h\000a\000r\000p\000.\000A\000s\000s\000e\000m\000b\000l\000y\000I\000n\000f\000o\000.\000c\000s\000\040\000F\000i\000l\000e\000\040\000R\000e\000f\000e\000r\000e\000n\000c\000e}{chapter.6}% 289
\BOOKMARK [1][-]{section.6.4}{\376\377\0006\000.\0004\000\040\000o\000b\000j\000/\000R\000e\000l\000e\000a\000s\000e\000/\000n\000e\000t\0006\000.\0000\000/\000m\000c\000m\0004\000c\000s\000h\000a\000r\000p\000.\000A\000s\000s\000e\000m\000b\000l\000y\000I\000n\000f\000o\000.\000c\000s\000\040\000F\000i\000l\000e\000\040\000R\000e\000f\000e\000r\000e\000n\000c\000e}{chapter.6}% 290
\BOOKMARK [1][-]{section.6.5}{\376\377\0006\000.\0005\000\040\000o\000b\000j\000/\000D\000e\000b\000u\000g\000/\000n\000e\000t\0006\000.\0000\000/\000m\000c\000m\0004\000c\000s\000h\000a\000r\000p\000.\000G\000l\000o\000b\000a\000l\000U\000s\000i\000n\000g\000s\000.\000g\000.\000c\000s\000\040\000F\000i\000l\000e\000\040\000R\000e\000f\000e\000r\000e\000n\000c\000e}{chapter.6}% 291
\BOOKMARK [1][-]{section.6.6}{\376\377\0006\000.\0006\000\040\000o\000b\000j\000/\000R\000e\000l\000e\000a\000s\000e\000/\000n\000e\000t\0006\000.\0000\000/\000m\000c\000m\0004\000c\000s\000h\000a\000r\000p\000.\000G\000l\000o\000b\000a\000l\000U\000s\000i\000n\000g\000s\000.\000g\000.\000c\000s\000\040\000F\000i\000l\000e\000\040\000R\000e\000f\000e\000r\000e\000n\000c\000e}{chapter.6}% 292
\BOOKMARK [1][-]{section.6.7}{\376\377\0006\000.\0007\000\040\000v\0001\000/\000C\000l\000i\000e\000n\000t\000/\000A\000p\000i\000C\000l\000i\000e\000n\000t\000.\000c\000s\000\040\000F\000i\000l\000e\000\040\000R\000e\000f\000e\000r\000e\000n\000c\000e}{chapter.6}% 293
\BOOKMARK [2][-]{subsection.6.7.1}{\376\377\0006\000.\0007\000.\0001\000\040\000T\000y\000p\000e\000d\000e\000f\000\040\000D\000o\000c\000u\000m\000e\000n\000t\000a\000t\000i\000o\000n}{section.6.7}% 294
\BOOKMARK [3][-]{subsubsection.6.7.1.1}{\376\377\0006\000.\0007\000.\0001\000.\0001\000\040\000T\000h\000r\000e\000a\000d}{subsection.6.7.1}% 295
\BOOKMARK [3][-]{subsubsection.6.7.1.2}{\376\377\0006\000.\0007\000.\0001\000.\0002\000\040\000V\000e\000r\000s\000i\000o\000n}{subsection.6.7.1}% 296
\BOOKMARK [1][-]{section.6.8}{\376\377\0006\000.\0008\000\040\000v\0001\000/\000C\000l\000i\000e\000n\000t\000/\000E\000n\000d\000p\000o\000i\000n\000t\000s\000.\000c\000s\000\040\000F\000i\000l\000e\000\040\000R\000e\000f\000e\000r\000e\000n\000c\000e}{chapter.6}% 297
\BOOKMARK [1][-]{section.6.9}{\376\377\0006\000.\0009\000\040\000v\0001\000/\000C\000l\000i\000e\000n\000t\000/\000T\000o\000k\000e\000n\000T\000y\000p\000e\000.\000c\000s\000\040\000F\000i\000l\000e\000\040\000R\000e\000f\000e\000r\000e\000n\000c\000e}{chapter.6}% 298
\BOOKMARK [1][-]{section.6.10}{\376\377\0006\000.\0001\0000\000\040\000v\0001\000/\000D\000a\000t\000a\000/\000A\000l\000e\000r\000t\000s\000/\000A\000l\000e\000r\000t\000.\000c\000s\000\040\000F\000i\000l\000e\000\040\000R\000e\000f\000e\000r\000e\000n\000c\000e}{chapter.6}% 299
\BOOKMARK [1][-]{section.6.11}{\376\377\0006\000.\0001\0001\000\040\000v\0001\000/\000D\000a\000t\000a\000/\000C\000o\000n\000t\000e\000n\000t\000/\000C\000o\000n\000v\000e\000r\000s\000a\000t\000i\000o\000n\000C\000o\000n\000t\000e\000n\000t\000.\000c\000s\000\040\000F\000i\000l\000e\000\040\000R\000e\000f\000e\000r\000e\000n\000c\000e}{chapter.6}% 300
\BOOKMARK [1][-]{section.6.12}{\376\377\0006\000.\0001\0002\000\040\000v\0001\000/\000D\000a\000t\000a\000/\000C\000o\000n\000t\000e\000n\000t\000/\000E\000r\000r\000o\000r\000.\000c\000s\000\040\000F\000i\000l\000e\000\040\000R\000e\000f\000e\000r\000e\000n\000c\000e}{chapter.6}% 301
\BOOKMARK [1][-]{section.6.13}{\376\377\0006\000.\0001\0003\000\040\000v\0001\000/\000D\000a\000t\000a\000/\000C\000o\000n\000t\000e\000n\000t\000/\000L\000i\000c\000e\000n\000s\000e\000C\000o\000n\000t\000e\000n\000t\000.\000c\000s\000\040\000F\000i\000l\000e\000\040\000R\000e\000f\000e\000r\000e\000n\000c\000e}{chapter.6}% 302
\BOOKMARK [1][-]{section.6.14}{\376\377\0006\000.\0001\0004\000\040\000v\0001\000/\000D\000a\000t\000a\000/\000C\000o\000n\000t\000e\000n\000t\000/\000M\000e\000s\000s\000a\000g\000e\000C\000o\000n\000t\000e\000n\000t\000.\000c\000s\000\040\000F\000i\000l\000e\000\040\000R\000e\000f\000e\000r\000e\000n\000c\000e}{chapter.6}% 303
\BOOKMARK [1][-]{section.6.15}{\376\377\0006\000.\0001\0005\000\040\000v\0001\000/\000D\000a\000t\000a\000/\000C\000o\000n\000t\000e\000n\000t\000/\000R\000e\000s\000o\000u\000r\000c\000e\000C\000o\000n\000t\000e\000n\000t\000.\000c\000s\000\040\000F\000i\000l\000e\000\040\000R\000e\000f\000e\000r\000e\000n\000c\000e}{chapter.6}% 304
\BOOKMARK [1][-]{section.6.16}{\376\377\0006\000.\0001\0006\000\040\000v\0001\000/\000D\000a\000t\000a\000/\000C\000o\000n\000t\000e\000n\000t\000/\000R\000e\000s\000p\000o\000n\000s\000e\000.\000c\000s\000\040\000F\000i\000l\000e\000\040\000R\000e\000f\000e\000r\000e\000n\000c\000e}{chapter.6}% 305
\BOOKMARK [1][-]{section.6.17}{\376\377\0006\000.\0001\0007\000\040\000v\0001\000/\000D\000a\000t\000a\000/\000C\000o\000n\000t\000e\000n\000t\000/\000R\000e\000s\000p\000o\000n\000s\000e\000C\000o\000n\000t\000e\000n\000t\000.\000c\000s\000\040\000F\000i\000l\000e\000\040\000R\000e\000f\000e\000r\000e\000n\000c\000e}{chapter.6}% 306
\BOOKMARK [1][-]{section.6.18}{\376\377\0006\000.\0001\0008\000\040\000v\0001\000/\000D\000a\000t\000a\000/\000C\000o\000n\000t\000e\000n\000t\000/\000S\000e\000l\000f\000U\000p\000d\000a\000t\000e\000C\000o\000n\000t\000e\000n\000t\000.\000c\000s\000\040\000F\000i\000l\000e\000\040\000R\000e\000f\000e\000r\000e\000n\000c\000e}{chapter.6}% 307
\BOOKMARK [1][-]{section.6.19}{\376\377\0006\000.\0001\0009\000\040\000v\0001\000/\000D\000a\000t\000a\000/\000C\000o\000n\000t\000e\000n\000t\000/\000S\000o\000r\000t\000a\000b\000l\000e\000.\000c\000s\000\040\000F\000i\000l\000e\000\040\000R\000e\000f\000e\000r\000e\000n\000c\000e}{chapter.6}% 308
\BOOKMARK [1][-]{section.6.20}{\376\377\0006\000.\0002\0000\000\040\000v\0001\000/\000D\000a\000t\000a\000/\000C\000o\000n\000v\000e\000r\000s\000a\000t\000i\000o\000n\000s\000/\000C\000o\000n\000v\000e\000r\000s\000a\000t\000i\000o\000n\000.\000c\000s\000\040\000F\000i\000l\000e\000\040\000R\000e\000f\000e\000r\000e\000n\000c\000e}{chapter.6}% 309
\BOOKMARK [1][-]{section.6.21}{\376\377\0006\000.\0002\0001\000\040\000v\0001\000/\000D\000a\000t\000a\000/\000M\000e\000m\000b\000e\000r\000s\000/\000B\000a\000n\000.\000c\000s\000\040\000F\000i\000l\000e\000\040\000R\000e\000f\000e\000r\000e\000n\000c\000e}{chapter.6}% 310
\BOOKMARK [1][-]{section.6.22}{\376\377\0006\000.\0002\0002\000\040\000v\0001\000/\000D\000a\000t\000a\000/\000M\000e\000m\000b\000e\000r\000s\000/\000M\000e\000m\000b\000e\000r\000.\000c\000s\000\040\000F\000i\000l\000e\000\040\000R\000e\000f\000e\000r\000e\000n\000c\000e}{chapter.6}% 311
\BOOKMARK [1][-]{section.6.23}{\376\377\0006\000.\0002\0003\000\040\000v\0001\000/\000D\000a\000t\000a\000/\000M\000e\000m\000b\000e\000r\000s\000/\000P\000r\000o\000f\000i\000l\000e\000P\000o\000s\000t\000.\000c\000s\000\040\000F\000i\000l\000e\000\040\000R\000e\000f\000e\000r\000e\000n\000c\000e}{chapter.6}% 312
\BOOKMARK [1][-]{section.6.24}{\376\377\0006\000.\0002\0004\000\040\000v\0001\000/\000D\000a\000t\000a\000/\000R\000e\000s\000o\000u\000r\000c\000e\000s\000/\000B\000a\000s\000i\000c\000R\000e\000s\000o\000u\000r\000c\000e\000.\000c\000s\000\040\000F\000i\000l\000e\000\040\000R\000e\000f\000e\000r\000e\000n\000c\000e}{chapter.6}% 313
\BOOKMARK [1][-]{section.6.25}{\376\377\0006\000.\0002\0005\000\040\000v\0001\000/\000D\000a\000t\000a\000/\000R\000e\000s\000o\000u\000r\000c\000e\000s\000/\000D\000o\000w\000n\000l\000o\000a\000d\000.\000c\000s\000\040\000F\000i\000l\000e\000\040\000R\000e\000f\000e\000r\000e\000n\000c\000e}{chapter.6}% 314
\BOOKMARK [1][-]{section.6.26}{\376\377\0006\000.\0002\0006\000\040\000v\0001\000/\000D\000a\000t\000a\000/\000R\000e\000s\000o\000u\000r\000c\000e\000s\000/\000L\000i\000c\000e\000n\000s\000e\000.\000c\000s\000\040\000F\000i\000l\000e\000\040\000R\000e\000f\000e\000r\000e\000n\000c\000e}{chapter.6}% 315
\BOOKMARK [1][-]{section.6.27}{\376\377\0006\000.\0002\0007\000\040\000v\0001\000/\000D\000a\000t\000a\000/\000R\000e\000s\000o\000u\000r\000c\000e\000s\000/\000P\000u\000r\000c\000h\000a\000s\000e\000.\000c\000s\000\040\000F\000i\000l\000e\000\040\000R\000e\000f\000e\000r\000e\000n\000c\000e}{chapter.6}% 316
\BOOKMARK [1][-]{section.6.28}{\376\377\0006\000.\0002\0008\000\040\000v\0001\000/\000D\000a\000t\000a\000/\000R\000e\000s\000o\000u\000r\000c\000e\000s\000/\000R\000e\000s\000o\000u\000r\000c\000e\000.\000c\000s\000\040\000F\000i\000l\000e\000\040\000R\000e\000f\000e\000r\000e\000n\000c\000e}{chapter.6}% 317
\BOOKMARK [1][-]{section.6.29}{\376\377\0006\000.\0002\0009\000\040\000v\0001\000/\000D\000a\000t\000a\000/\000R\000e\000s\000o\000u\000r\000c\000e\000s\000/\000R\000e\000v\000i\000e\000w\000.\000c\000s\000\040\000F\000i\000l\000e\000\040\000R\000e\000f\000e\000r\000e\000n\000c\000e}{chapter.6}% 318
\BOOKMARK [1][-]{section.6.30}{\376\377\0006\000.\0003\0000\000\040\000v\0001\000/\000D\000a\000t\000a\000/\000R\000e\000s\000o\000u\000r\000c\000e\000s\000/\000U\000p\000d\000a\000t\000e\000.\000c\000s\000\040\000F\000i\000l\000e\000\040\000R\000e\000f\000e\000r\000e\000n\000c\000e}{chapter.6}% 319
\BOOKMARK [1][-]{section.6.31}{\376\377\0006\000.\0003\0001\000\040\000v\0001\000/\000D\000a\000t\000a\000/\000R\000e\000s\000o\000u\000r\000c\000e\000s\000/\000V\000e\000r\000s\000i\000o\000n\000.\000c\000s\000\040\000F\000i\000l\000e\000\040\000R\000e\000f\000e\000r\000e\000n\000c\000e}{chapter.6}% 320
\BOOKMARK [1][-]{section.6.32}{\376\377\0006\000.\0003\0002\000\040\000v\0001\000/\000D\000a\000t\000a\000/\000T\000h\000r\000e\000a\000d\000s\000/\000B\000a\000s\000i\000c\000T\000h\000r\000e\000a\000d\000.\000c\000s\000\040\000F\000i\000l\000e\000\040\000R\000e\000f\000e\000r\000e\000n\000c\000e}{chapter.6}% 321
\BOOKMARK [1][-]{section.6.33}{\376\377\0006\000.\0003\0003\000\040\000v\0001\000/\000D\000a\000t\000a\000/\000C\000o\000n\000v\000e\000r\000s\000a\000t\000i\000o\000n\000s\000/\000R\000e\000p\000l\000y\000.\000c\000s\000\040\000F\000i\000l\000e\000\040\000R\000e\000f\000e\000r\000e\000n\000c\000e}{chapter.6}% 322
\BOOKMARK [1][-]{section.6.34}{\376\377\0006\000.\0003\0004\000\040\000v\0001\000/\000D\000a\000t\000a\000/\000T\000h\000r\000e\000a\000d\000s\000/\000R\000e\000p\000l\000y\000.\000c\000s\000\040\000F\000i\000l\000e\000\040\000R\000e\000f\000e\000r\000e\000n\000c\000e}{chapter.6}% 323
\BOOKMARK [1][-]{section.6.35}{\376\377\0006\000.\0003\0005\000\040\000v\0001\000/\000D\000a\000t\000a\000/\000T\000h\000r\000e\000a\000d\000s\000/\000T\000h\000r\000e\000a\000d\000.\000c\000s\000\040\000F\000i\000l\000e\000\040\000R\000e\000f\000e\000r\000e\000n\000c\000e}{chapter.6}% 324
\BOOKMARK [0][-]{section*.102}{\376\377\000I\000n\000d\000e\000x}{}% 325
